<?xml version="1.0" encoding="UTF-8"?>
<testsuite xmlns:xsi="http://www.w3.org/2001/XMLSchema-instance" xsi:noNamespaceSchemaLocation="https://maven.apache.org/surefire/maven-surefire-plugin/xsd/surefire-test-report-3.0.xsd" version="3.0" name="L2_Mobile.test_FE.RunCucumberTest" time="2.352" tests="1" errors="0" skipped="0" failures="0">
  <properties>
    <property name="sun.desktop" value="gnome"/>
    <property name="awt.toolkit" value="sun.awt.X11.XToolkit"/>
    <property name="java.specification.version" value="11"/>
    <property name="sun.cpu.isalist" value=""/>
    <property name="sun.jnu.encoding" value="UTF-8"/>
    <property name="java.class.path" value="/home/nico/Escritorio/projects/a/Segunda/Automation/MobileL2/test_FE/target/test-classes:/home/nico/Escritorio/projects/a/Segunda/Automation/MobileL2/test_FE/target/classes:/home/nico/.m2/repository/io/cucumber/cucumber-java/7.2.3/cucumber-java-7.2.3.jar:/home/nico/.m2/repository/io/cucumber/cucumber-core/7.2.3/cucumber-core-7.2.3.jar:/home/nico/.m2/repository/io/cucumber/cucumber-gherkin/7.2.3/cucumber-gherkin-7.2.3.jar:/home/nico/.m2/repository/io/cucumber/cucumber-gherkin-messages/7.2.3/cucumber-gherkin-messages-7.2.3.jar:/home/nico/.m2/repository/io/cucumber/tag-expressions/4.1.0/tag-expressions-4.1.0.jar:/home/nico/.m2/repository/io/cucumber/cucumber-expressions/15.0.1/cucumber-expressions-15.0.1.jar:/home/nico/.m2/repository/io/cucumber/datatable/7.2.3/datatable-7.2.3.jar:/home/nico/.m2/repository/io/cucumber/cucumber-plugin/7.2.3/cucumber-plugin-7.2.3.jar:/home/nico/.m2/repository/io/cucumber/docstring/7.2.3/docstring-7.2.3.jar:/home/nico/.m2/repository/io/cucumber/html-formatter/17.0.0/html-formatter-17.0.0.jar:/home/nico/.m2/repository/io/cucumber/ci-environment/8.1.0/ci-environment-8.1.0.jar:/home/nico/.m2/repository/org/apiguardian/apiguardian-api/1.1.2/apiguardian-api-1.1.2.jar:/home/nico/.m2/repository/io/cucumber/cucumber-junit-platform-engine/7.2.3/cucumber-junit-platform-engine-7.2.3.jar:/home/nico/.m2/repository/org/junit/platform/junit-platform-engine/1.8.2/junit-platform-engine-1.8.2.jar:/home/nico/.m2/repository/org/opentest4j/opentest4j/1.2.0/opentest4j-1.2.0.jar:/home/nico/.m2/repository/org/junit/platform/junit-platform-commons/1.8.2/junit-platform-commons-1.8.2.jar:/home/nico/.m2/repository/io/cucumber/gherkin/22.0.0/gherkin-22.0.0.jar:/home/nico/.m2/repository/io/cucumber/messages/17.1.1/messages-17.1.1.jar:/home/nico/.m2/repository/io/cucumber/cucumber-spring/7.2.3/cucumber-spring-7.2.3.jar:/home/nico/.m2/repository/org/junit/platform/junit-platform-suite/1.8.2/junit-platform-suite-1.8.2.jar:/home/nico/.m2/repository/org/junit/platform/junit-platform-suite-api/1.8.2/junit-platform-suite-api-1.8.2.jar:/home/nico/.m2/repository/org/junit/platform/junit-platform-suite-engine/1.8.2/junit-platform-suite-engine-1.8.2.jar:/home/nico/.m2/repository/org/junit/platform/junit-platform-suite-commons/1.8.2/junit-platform-suite-commons-1.8.2.jar:/home/nico/.m2/repository/org/junit/platform/junit-platform-launcher/1.8.2/junit-platform-launcher-1.8.2.jar:/home/nico/.m2/repository/org/junit/jupiter/junit-jupiter/5.8.2/junit-jupiter-5.8.2.jar:/home/nico/.m2/repository/org/junit/jupiter/junit-jupiter-api/5.8.2/junit-jupiter-api-5.8.2.jar:/home/nico/.m2/repository/org/junit/jupiter/junit-jupiter-params/5.8.2/junit-jupiter-params-5.8.2.jar:/home/nico/.m2/repository/org/junit/jupiter/junit-jupiter-engine/5.8.2/junit-jupiter-engine-5.8.2.jar:/home/nico/.m2/repository/org/springframework/boot/spring-boot-starter/2.6.4/spring-boot-starter-2.6.4.jar:/home/nico/.m2/repository/org/springframework/boot/spring-boot/2.6.4/spring-boot-2.6.4.jar:/home/nico/.m2/repository/org/springframework/boot/spring-boot-autoconfigure/2.6.4/spring-boot-autoconfigure-2.6.4.jar:/home/nico/.m2/repository/org/springframework/boot/spring-boot-starter-logging/2.6.4/spring-boot-starter-logging-2.6.4.jar:/home/nico/.m2/repository/ch/qos/logback/logback-classic/1.2.10/logback-classic-1.2.10.jar:/home/nico/.m2/repository/ch/qos/logback/logback-core/1.2.10/logback-core-1.2.10.jar:/home/nico/.m2/repository/org/apache/logging/log4j/log4j-to-slf4j/2.17.1/log4j-to-slf4j-2.17.1.jar:/home/nico/.m2/repository/org/apache/logging/log4j/log4j-api/2.17.1/log4j-api-2.17.1.jar:/home/nico/.m2/repository/org/slf4j/jul-to-slf4j/1.7.36/jul-to-slf4j-1.7.36.jar:/home/nico/.m2/repository/jakarta/annotation/jakarta.annotation-api/1.3.5/jakarta.annotation-api-1.3.5.jar:/home/nico/.m2/repository/org/springframework/spring-core/5.3.16/spring-core-5.3.16.jar:/home/nico/.m2/repository/org/springframework/spring-jcl/5.3.16/spring-jcl-5.3.16.jar:/home/nico/.m2/repository/org/yaml/snakeyaml/1.29/snakeyaml-1.29.jar:/home/nico/.m2/repository/org/springframework/boot/spring-boot-starter-test/2.6.4/spring-boot-starter-test-2.6.4.jar:/home/nico/.m2/repository/org/springframework/boot/spring-boot-test/2.6.4/spring-boot-test-2.6.4.jar:/home/nico/.m2/repository/org/springframework/boot/spring-boot-test-autoconfigure/2.6.4/spring-boot-test-autoconfigure-2.6.4.jar:/home/nico/.m2/repository/com/jayway/jsonpath/json-path/2.6.0/json-path-2.6.0.jar:/home/nico/.m2/repository/net/minidev/json-smart/2.4.8/json-smart-2.4.8.jar:/home/nico/.m2/repository/net/minidev/accessors-smart/2.4.8/accessors-smart-2.4.8.jar:/home/nico/.m2/repository/jakarta/xml/bind/jakarta.xml.bind-api/2.3.3/jakarta.xml.bind-api-2.3.3.jar:/home/nico/.m2/repository/jakarta/activation/jakarta.activation-api/1.2.2/jakarta.activation-api-1.2.2.jar:/home/nico/.m2/repository/org/assertj/assertj-core/3.21.0/assertj-core-3.21.0.jar:/home/nico/.m2/repository/org/hamcrest/hamcrest/2.2/hamcrest-2.2.jar:/home/nico/.m2/repository/org/mockito/mockito-core/4.0.0/mockito-core-4.0.0.jar:/home/nico/.m2/repository/net/bytebuddy/byte-buddy/1.11.22/byte-buddy-1.11.22.jar:/home/nico/.m2/repository/net/bytebuddy/byte-buddy-agent/1.11.22/byte-buddy-agent-1.11.22.jar:/home/nico/.m2/repository/org/objenesis/objenesis/3.2/objenesis-3.2.jar:/home/nico/.m2/repository/org/mockito/mockito-junit-jupiter/4.0.0/mockito-junit-jupiter-4.0.0.jar:/home/nico/.m2/repository/org/skyscreamer/jsonassert/1.5.0/jsonassert-1.5.0.jar:/home/nico/.m2/repository/com/vaadin/external/google/android-json/0.0.20131108.vaadin1/android-json-0.0.20131108.vaadin1.jar:/home/nico/.m2/repository/org/springframework/spring-test/5.3.16/spring-test-5.3.16.jar:/home/nico/.m2/repository/org/xmlunit/xmlunit-core/2.8.4/xmlunit-core-2.8.4.jar:/home/nico/.m2/repository/org/springframework/boot/spring-boot-configuration-processor/2.6.4/spring-boot-configuration-processor-2.6.4.jar:/home/nico/.m2/repository/io/appium/java-client/7.6.0/java-client-7.6.0.jar:/home/nico/.m2/repository/org/seleniumhq/selenium/selenium-java/3.141.59/selenium-java-3.141.59.jar:/home/nico/.m2/repository/org/seleniumhq/selenium/selenium-chrome-driver/3.141.59/selenium-chrome-driver-3.141.59.jar:/home/nico/.m2/repository/org/seleniumhq/selenium/selenium-edge-driver/3.141.59/selenium-edge-driver-3.141.59.jar:/home/nico/.m2/repository/org/seleniumhq/selenium/selenium-firefox-driver/3.141.59/selenium-firefox-driver-3.141.59.jar:/home/nico/.m2/repository/org/seleniumhq/selenium/selenium-ie-driver/3.141.59/selenium-ie-driver-3.141.59.jar:/home/nico/.m2/repository/org/seleniumhq/selenium/selenium-opera-driver/3.141.59/selenium-opera-driver-3.141.59.jar:/home/nico/.m2/repository/org/seleniumhq/selenium/selenium-remote-driver/3.141.59/selenium-remote-driver-3.141.59.jar:/home/nico/.m2/repository/org/seleniumhq/selenium/selenium-safari-driver/3.141.59/selenium-safari-driver-3.141.59.jar:/home/nico/.m2/repository/org/apache/commons/commons-exec/1.3/commons-exec-1.3.jar:/home/nico/.m2/repository/com/google/guava/guava/25.0-jre/guava-25.0-jre.jar:/home/nico/.m2/repository/com/google/code/findbugs/jsr305/1.3.9/jsr305-1.3.9.jar:/home/nico/.m2/repository/org/checkerframework/checker-compat-qual/2.0.0/checker-compat-qual-2.0.0.jar:/home/nico/.m2/repository/com/google/errorprone/error_prone_annotations/2.1.3/error_prone_annotations-2.1.3.jar:/home/nico/.m2/repository/com/google/j2objc/j2objc-annotations/1.1/j2objc-annotations-1.1.jar:/home/nico/.m2/repository/org/codehaus/mojo/animal-sniffer-annotations/1.14/animal-sniffer-annotations-1.14.jar:/home/nico/.m2/repository/com/squareup/okhttp3/okhttp/3.14.9/okhttp-3.14.9.jar:/home/nico/.m2/repository/com/squareup/okio/okio/1.14.0/okio-1.14.0.jar:/home/nico/.m2/repository/org/seleniumhq/selenium/selenium-support/3.141.59/selenium-support-3.141.59.jar:/home/nico/.m2/repository/org/seleniumhq/selenium/selenium-api/3.141.59/selenium-api-3.141.59.jar:/home/nico/.m2/repository/com/google/code/gson/gson/2.8.9/gson-2.8.9.jar:/home/nico/.m2/repository/org/apache/httpcomponents/httpclient/4.5.13/httpclient-4.5.13.jar:/home/nico/.m2/repository/org/apache/httpcomponents/httpcore/4.4.15/httpcore-4.4.15.jar:/home/nico/.m2/repository/commons-codec/commons-codec/1.15/commons-codec-1.15.jar:/home/nico/.m2/repository/cglib/cglib/3.3.0/cglib-3.3.0.jar:/home/nico/.m2/repository/org/ow2/asm/asm/7.1/asm-7.1.jar:/home/nico/.m2/repository/commons-validator/commons-validator/1.7/commons-validator-1.7.jar:/home/nico/.m2/repository/commons-beanutils/commons-beanutils/1.9.4/commons-beanutils-1.9.4.jar:/home/nico/.m2/repository/commons-digester/commons-digester/2.1/commons-digester-2.1.jar:/home/nico/.m2/repository/commons-logging/commons-logging/1.2/commons-logging-1.2.jar:/home/nico/.m2/repository/commons-collections/commons-collections/3.2.2/commons-collections-3.2.2.jar:/home/nico/.m2/repository/org/apache/commons/commons-lang3/3.12.0/commons-lang3-3.12.0.jar:/home/nico/.m2/repository/commons-io/commons-io/2.11.0/commons-io-2.11.0.jar:/home/nico/.m2/repository/org/springframework/spring-context/5.3.16/spring-context-5.3.16.jar:/home/nico/.m2/repository/org/springframework/spring-aop/5.3.16/spring-aop-5.3.16.jar:/home/nico/.m2/repository/org/springframework/spring-beans/5.3.16/spring-beans-5.3.16.jar:/home/nico/.m2/repository/org/springframework/spring-expression/5.3.16/spring-expression-5.3.16.jar:/home/nico/.m2/repository/org/aspectj/aspectjweaver/1.9.7/aspectjweaver-1.9.7.jar:/home/nico/.m2/repository/org/slf4j/slf4j-api/1.7.36/slf4j-api-1.7.36.jar:/home/nico/.m2/repository/tech/grasshopper/extentreports-cucumber7-adapter/1.2.0/extentreports-cucumber7-adapter-1.2.0.jar:/home/nico/.m2/repository/com/aventstack/extentreports/5.0.9/extentreports-5.0.9.jar:/home/nico/.m2/repository/io/reactivex/rxjava3/rxjava/3.0.4/rxjava-3.0.4.jar:/home/nico/.m2/repository/org/reactivestreams/reactive-streams/1.0.3/reactive-streams-1.0.3.jar:/home/nico/.m2/repository/org/freemarker/freemarker/2.3.31/freemarker-2.3.31.jar:/home/nico/.m2/repository/org/projectlombok/lombok/1.18.22/lombok-1.18.22.jar:/home/nico/.m2/repository/tech/grasshopper/extent-pdf-report/1.7.4/extent-pdf-report-1.7.4.jar:/home/nico/.m2/repository/tech/grasshopper/cucumber-pdf-report/2.2.4/cucumber-pdf-report-2.2.4.jar:/home/nico/.m2/repository/org/apache/pdfbox/pdfbox/2.0.22/pdfbox-2.0.22.jar:/home/nico/.m2/repository/org/apache/pdfbox/fontbox/2.0.22/fontbox-2.0.22.jar:/home/nico/.m2/repository/org/knowm/xchart/xchart/3.8.0/xchart-3.8.0.jar:/home/nico/.m2/repository/de/erichseifert/vectorgraphics2d/VectorGraphics2D/0.13/VectorGraphics2D-0.13.jar:/home/nico/.m2/repository/de/rototor/pdfbox/graphics2d/0.30/graphics2d-0.30.jar:/home/nico/.m2/repository/com/madgag/animated-gif-lib/1.4/animated-gif-lib-1.4.jar:/home/nico/.m2/repository/tech/grasshopper/table-layout/1.2.0/table-layout-1.2.0.jar:/home/nico/.m2/repository/org/jsoup/jsoup/1.13.1/jsoup-1.13.1.jar:/home/nico/.m2/repository/com/aventstack/klov-reporter/5.0.9/klov-reporter-5.0.9.jar:/home/nico/.m2/repository/org/mongodb/mongodb-driver/3.6.4/mongodb-driver-3.6.4.jar:/home/nico/.m2/repository/org/mongodb/mongodb-driver-core/4.4.2/mongodb-driver-core-4.4.2.jar:/home/nico/.m2/repository/org/mongodb/bson/4.4.2/bson-4.4.2.jar:/home/nico/.m2/repository/org/apache/httpcomponents/httpmime/4.5.13/httpmime-4.5.13.jar:/home/nico/.m2/repository/tech/grasshopper/htmlextentreporter/1.0.0/htmlextentreporter-1.0.0.jar:"/>
    <property name="java.vm.vendor" value="Ubuntu"/>
    <property name="sun.arch.data.model" value="64"/>
    <property name="java.vendor.url" value="https://ubuntu.com/"/>
    <property name="user.timezone" value="America/Argentina/Buenos_Aires"/>
    <property name="java.vm.specification.version" value="11"/>
    <property name="os.name" value="Linux"/>
    <property name="sun.java.launcher" value="SUN_STANDARD"/>
    <property name="user.country" value="AR"/>
    <property name="sun.boot.library.path" value="/usr/lib/jvm/java-11-openjdk-amd64/lib"/>
    <property name="sun.java.command" value="/home/nico/Escritorio/projects/a/Segunda/Automation/MobileL2/test_FE/target/surefire/surefirebooter12031060738620154529.jar /home/nico/Escritorio/projects/a/Segunda/Automation/MobileL2/test_FE/target/surefire 2022-03-11T09-36-43_348-jvmRun1 surefire1545966028427391425tmp surefire_09171527536187146544tmp"/>
    <property name="jdk.debug" value="release"/>
    <property name="surefire.test.class.path" value="/home/nico/Escritorio/projects/a/Segunda/Automation/MobileL2/test_FE/target/test-classes:/home/nico/Escritorio/projects/a/Segunda/Automation/MobileL2/test_FE/target/classes:/home/nico/.m2/repository/io/cucumber/cucumber-java/7.2.3/cucumber-java-7.2.3.jar:/home/nico/.m2/repository/io/cucumber/cucumber-core/7.2.3/cucumber-core-7.2.3.jar:/home/nico/.m2/repository/io/cucumber/cucumber-gherkin/7.2.3/cucumber-gherkin-7.2.3.jar:/home/nico/.m2/repository/io/cucumber/cucumber-gherkin-messages/7.2.3/cucumber-gherkin-messages-7.2.3.jar:/home/nico/.m2/repository/io/cucumber/tag-expressions/4.1.0/tag-expressions-4.1.0.jar:/home/nico/.m2/repository/io/cucumber/cucumber-expressions/15.0.1/cucumber-expressions-15.0.1.jar:/home/nico/.m2/repository/io/cucumber/datatable/7.2.3/datatable-7.2.3.jar:/home/nico/.m2/repository/io/cucumber/cucumber-plugin/7.2.3/cucumber-plugin-7.2.3.jar:/home/nico/.m2/repository/io/cucumber/docstring/7.2.3/docstring-7.2.3.jar:/home/nico/.m2/repository/io/cucumber/html-formatter/17.0.0/html-formatter-17.0.0.jar:/home/nico/.m2/repository/io/cucumber/ci-environment/8.1.0/ci-environment-8.1.0.jar:/home/nico/.m2/repository/org/apiguardian/apiguardian-api/1.1.2/apiguardian-api-1.1.2.jar:/home/nico/.m2/repository/io/cucumber/cucumber-junit-platform-engine/7.2.3/cucumber-junit-platform-engine-7.2.3.jar:/home/nico/.m2/repository/org/junit/platform/junit-platform-engine/1.8.2/junit-platform-engine-1.8.2.jar:/home/nico/.m2/repository/org/opentest4j/opentest4j/1.2.0/opentest4j-1.2.0.jar:/home/nico/.m2/repository/org/junit/platform/junit-platform-commons/1.8.2/junit-platform-commons-1.8.2.jar:/home/nico/.m2/repository/io/cucumber/gherkin/22.0.0/gherkin-22.0.0.jar:/home/nico/.m2/repository/io/cucumber/messages/17.1.1/messages-17.1.1.jar:/home/nico/.m2/repository/io/cucumber/cucumber-spring/7.2.3/cucumber-spring-7.2.3.jar:/home/nico/.m2/repository/org/junit/platform/junit-platform-suite/1.8.2/junit-platform-suite-1.8.2.jar:/home/nico/.m2/repository/org/junit/platform/junit-platform-suite-api/1.8.2/junit-platform-suite-api-1.8.2.jar:/home/nico/.m2/repository/org/junit/platform/junit-platform-suite-engine/1.8.2/junit-platform-suite-engine-1.8.2.jar:/home/nico/.m2/repository/org/junit/platform/junit-platform-suite-commons/1.8.2/junit-platform-suite-commons-1.8.2.jar:/home/nico/.m2/repository/org/junit/platform/junit-platform-launcher/1.8.2/junit-platform-launcher-1.8.2.jar:/home/nico/.m2/repository/org/junit/jupiter/junit-jupiter/5.8.2/junit-jupiter-5.8.2.jar:/home/nico/.m2/repository/org/junit/jupiter/junit-jupiter-api/5.8.2/junit-jupiter-api-5.8.2.jar:/home/nico/.m2/repository/org/junit/jupiter/junit-jupiter-params/5.8.2/junit-jupiter-params-5.8.2.jar:/home/nico/.m2/repository/org/junit/jupiter/junit-jupiter-engine/5.8.2/junit-jupiter-engine-5.8.2.jar:/home/nico/.m2/repository/org/springframework/boot/spring-boot-starter/2.6.4/spring-boot-starter-2.6.4.jar:/home/nico/.m2/repository/org/springframework/boot/spring-boot/2.6.4/spring-boot-2.6.4.jar:/home/nico/.m2/repository/org/springframework/boot/spring-boot-autoconfigure/2.6.4/spring-boot-autoconfigure-2.6.4.jar:/home/nico/.m2/repository/org/springframework/boot/spring-boot-starter-logging/2.6.4/spring-boot-starter-logging-2.6.4.jar:/home/nico/.m2/repository/ch/qos/logback/logback-classic/1.2.10/logback-classic-1.2.10.jar:/home/nico/.m2/repository/ch/qos/logback/logback-core/1.2.10/logback-core-1.2.10.jar:/home/nico/.m2/repository/org/apache/logging/log4j/log4j-to-slf4j/2.17.1/log4j-to-slf4j-2.17.1.jar:/home/nico/.m2/repository/org/apache/logging/log4j/log4j-api/2.17.1/log4j-api-2.17.1.jar:/home/nico/.m2/repository/org/slf4j/jul-to-slf4j/1.7.36/jul-to-slf4j-1.7.36.jar:/home/nico/.m2/repository/jakarta/annotation/jakarta.annotation-api/1.3.5/jakarta.annotation-api-1.3.5.jar:/home/nico/.m2/repository/org/springframework/spring-core/5.3.16/spring-core-5.3.16.jar:/home/nico/.m2/repository/org/springframework/spring-jcl/5.3.16/spring-jcl-5.3.16.jar:/home/nico/.m2/repository/org/yaml/snakeyaml/1.29/snakeyaml-1.29.jar:/home/nico/.m2/repository/org/springframework/boot/spring-boot-starter-test/2.6.4/spring-boot-starter-test-2.6.4.jar:/home/nico/.m2/repository/org/springframework/boot/spring-boot-test/2.6.4/spring-boot-test-2.6.4.jar:/home/nico/.m2/repository/org/springframework/boot/spring-boot-test-autoconfigure/2.6.4/spring-boot-test-autoconfigure-2.6.4.jar:/home/nico/.m2/repository/com/jayway/jsonpath/json-path/2.6.0/json-path-2.6.0.jar:/home/nico/.m2/repository/net/minidev/json-smart/2.4.8/json-smart-2.4.8.jar:/home/nico/.m2/repository/net/minidev/accessors-smart/2.4.8/accessors-smart-2.4.8.jar:/home/nico/.m2/repository/jakarta/xml/bind/jakarta.xml.bind-api/2.3.3/jakarta.xml.bind-api-2.3.3.jar:/home/nico/.m2/repository/jakarta/activation/jakarta.activation-api/1.2.2/jakarta.activation-api-1.2.2.jar:/home/nico/.m2/repository/org/assertj/assertj-core/3.21.0/assertj-core-3.21.0.jar:/home/nico/.m2/repository/org/hamcrest/hamcrest/2.2/hamcrest-2.2.jar:/home/nico/.m2/repository/org/mockito/mockito-core/4.0.0/mockito-core-4.0.0.jar:/home/nico/.m2/repository/net/bytebuddy/byte-buddy/1.11.22/byte-buddy-1.11.22.jar:/home/nico/.m2/repository/net/bytebuddy/byte-buddy-agent/1.11.22/byte-buddy-agent-1.11.22.jar:/home/nico/.m2/repository/org/objenesis/objenesis/3.2/objenesis-3.2.jar:/home/nico/.m2/repository/org/mockito/mockito-junit-jupiter/4.0.0/mockito-junit-jupiter-4.0.0.jar:/home/nico/.m2/repository/org/skyscreamer/jsonassert/1.5.0/jsonassert-1.5.0.jar:/home/nico/.m2/repository/com/vaadin/external/google/android-json/0.0.20131108.vaadin1/android-json-0.0.20131108.vaadin1.jar:/home/nico/.m2/repository/org/springframework/spring-test/5.3.16/spring-test-5.3.16.jar:/home/nico/.m2/repository/org/xmlunit/xmlunit-core/2.8.4/xmlunit-core-2.8.4.jar:/home/nico/.m2/repository/org/springframework/boot/spring-boot-configuration-processor/2.6.4/spring-boot-configuration-processor-2.6.4.jar:/home/nico/.m2/repository/io/appium/java-client/7.6.0/java-client-7.6.0.jar:/home/nico/.m2/repository/org/seleniumhq/selenium/selenium-java/3.141.59/selenium-java-3.141.59.jar:/home/nico/.m2/repository/org/seleniumhq/selenium/selenium-chrome-driver/3.141.59/selenium-chrome-driver-3.141.59.jar:/home/nico/.m2/repository/org/seleniumhq/selenium/selenium-edge-driver/3.141.59/selenium-edge-driver-3.141.59.jar:/home/nico/.m2/repository/org/seleniumhq/selenium/selenium-firefox-driver/3.141.59/selenium-firefox-driver-3.141.59.jar:/home/nico/.m2/repository/org/seleniumhq/selenium/selenium-ie-driver/3.141.59/selenium-ie-driver-3.141.59.jar:/home/nico/.m2/repository/org/seleniumhq/selenium/selenium-opera-driver/3.141.59/selenium-opera-driver-3.141.59.jar:/home/nico/.m2/repository/org/seleniumhq/selenium/selenium-remote-driver/3.141.59/selenium-remote-driver-3.141.59.jar:/home/nico/.m2/repository/org/seleniumhq/selenium/selenium-safari-driver/3.141.59/selenium-safari-driver-3.141.59.jar:/home/nico/.m2/repository/org/apache/commons/commons-exec/1.3/commons-exec-1.3.jar:/home/nico/.m2/repository/com/google/guava/guava/25.0-jre/guava-25.0-jre.jar:/home/nico/.m2/repository/com/google/code/findbugs/jsr305/1.3.9/jsr305-1.3.9.jar:/home/nico/.m2/repository/org/checkerframework/checker-compat-qual/2.0.0/checker-compat-qual-2.0.0.jar:/home/nico/.m2/repository/com/google/errorprone/error_prone_annotations/2.1.3/error_prone_annotations-2.1.3.jar:/home/nico/.m2/repository/com/google/j2objc/j2objc-annotations/1.1/j2objc-annotations-1.1.jar:/home/nico/.m2/repository/org/codehaus/mojo/animal-sniffer-annotations/1.14/animal-sniffer-annotations-1.14.jar:/home/nico/.m2/repository/com/squareup/okhttp3/okhttp/3.14.9/okhttp-3.14.9.jar:/home/nico/.m2/repository/com/squareup/okio/okio/1.14.0/okio-1.14.0.jar:/home/nico/.m2/repository/org/seleniumhq/selenium/selenium-support/3.141.59/selenium-support-3.141.59.jar:/home/nico/.m2/repository/org/seleniumhq/selenium/selenium-api/3.141.59/selenium-api-3.141.59.jar:/home/nico/.m2/repository/com/google/code/gson/gson/2.8.9/gson-2.8.9.jar:/home/nico/.m2/repository/org/apache/httpcomponents/httpclient/4.5.13/httpclient-4.5.13.jar:/home/nico/.m2/repository/org/apache/httpcomponents/httpcore/4.4.15/httpcore-4.4.15.jar:/home/nico/.m2/repository/commons-codec/commons-codec/1.15/commons-codec-1.15.jar:/home/nico/.m2/repository/cglib/cglib/3.3.0/cglib-3.3.0.jar:/home/nico/.m2/repository/org/ow2/asm/asm/7.1/asm-7.1.jar:/home/nico/.m2/repository/commons-validator/commons-validator/1.7/commons-validator-1.7.jar:/home/nico/.m2/repository/commons-beanutils/commons-beanutils/1.9.4/commons-beanutils-1.9.4.jar:/home/nico/.m2/repository/commons-digester/commons-digester/2.1/commons-digester-2.1.jar:/home/nico/.m2/repository/commons-logging/commons-logging/1.2/commons-logging-1.2.jar:/home/nico/.m2/repository/commons-collections/commons-collections/3.2.2/commons-collections-3.2.2.jar:/home/nico/.m2/repository/org/apache/commons/commons-lang3/3.12.0/commons-lang3-3.12.0.jar:/home/nico/.m2/repository/commons-io/commons-io/2.11.0/commons-io-2.11.0.jar:/home/nico/.m2/repository/org/springframework/spring-context/5.3.16/spring-context-5.3.16.jar:/home/nico/.m2/repository/org/springframework/spring-aop/5.3.16/spring-aop-5.3.16.jar:/home/nico/.m2/repository/org/springframework/spring-beans/5.3.16/spring-beans-5.3.16.jar:/home/nico/.m2/repository/org/springframework/spring-expression/5.3.16/spring-expression-5.3.16.jar:/home/nico/.m2/repository/org/aspectj/aspectjweaver/1.9.7/aspectjweaver-1.9.7.jar:/home/nico/.m2/repository/org/slf4j/slf4j-api/1.7.36/slf4j-api-1.7.36.jar:/home/nico/.m2/repository/tech/grasshopper/extentreports-cucumber7-adapter/1.2.0/extentreports-cucumber7-adapter-1.2.0.jar:/home/nico/.m2/repository/com/aventstack/extentreports/5.0.9/extentreports-5.0.9.jar:/home/nico/.m2/repository/io/reactivex/rxjava3/rxjava/3.0.4/rxjava-3.0.4.jar:/home/nico/.m2/repository/org/reactivestreams/reactive-streams/1.0.3/reactive-streams-1.0.3.jar:/home/nico/.m2/repository/org/freemarker/freemarker/2.3.31/freemarker-2.3.31.jar:/home/nico/.m2/repository/org/projectlombok/lombok/1.18.22/lombok-1.18.22.jar:/home/nico/.m2/repository/tech/grasshopper/extent-pdf-report/1.7.4/extent-pdf-report-1.7.4.jar:/home/nico/.m2/repository/tech/grasshopper/cucumber-pdf-report/2.2.4/cucumber-pdf-report-2.2.4.jar:/home/nico/.m2/repository/org/apache/pdfbox/pdfbox/2.0.22/pdfbox-2.0.22.jar:/home/nico/.m2/repository/org/apache/pdfbox/fontbox/2.0.22/fontbox-2.0.22.jar:/home/nico/.m2/repository/org/knowm/xchart/xchart/3.8.0/xchart-3.8.0.jar:/home/nico/.m2/repository/de/erichseifert/vectorgraphics2d/VectorGraphics2D/0.13/VectorGraphics2D-0.13.jar:/home/nico/.m2/repository/de/rototor/pdfbox/graphics2d/0.30/graphics2d-0.30.jar:/home/nico/.m2/repository/com/madgag/animated-gif-lib/1.4/animated-gif-lib-1.4.jar:/home/nico/.m2/repository/tech/grasshopper/table-layout/1.2.0/table-layout-1.2.0.jar:/home/nico/.m2/repository/org/jsoup/jsoup/1.13.1/jsoup-1.13.1.jar:/home/nico/.m2/repository/com/aventstack/klov-reporter/5.0.9/klov-reporter-5.0.9.jar:/home/nico/.m2/repository/org/mongodb/mongodb-driver/3.6.4/mongodb-driver-3.6.4.jar:/home/nico/.m2/repository/org/mongodb/mongodb-driver-core/4.4.2/mongodb-driver-core-4.4.2.jar:/home/nico/.m2/repository/org/mongodb/bson/4.4.2/bson-4.4.2.jar:/home/nico/.m2/repository/org/apache/httpcomponents/httpmime/4.5.13/httpmime-4.5.13.jar:/home/nico/.m2/repository/tech/grasshopper/htmlextentreporter/1.0.0/htmlextentreporter-1.0.0.jar:"/>
    <property name="sun.cpu.endian" value="little"/>
    <property name="user.home" value="/home/nico"/>
    <property name="user.language" value="es"/>
    <property name="java.specification.vendor" value="Oracle Corporation"/>
    <property name="java.version.date" value="2022-01-18"/>
    <property name="java.home" value="/usr/lib/jvm/java-11-openjdk-amd64"/>
    <property name="file.separator" value="/"/>
    <property name="basedir" value="/home/nico/Escritorio/projects/a/Segunda/Automation/MobileL2/test_FE"/>
    <property name="java.vm.compressedOopsMode" value="Zero based"/>
    <property name="line.separator" value="&#10;"/>
    <property name="java.specification.name" value="Java Platform API Specification"/>
    <property name="java.vm.specification.vendor" value="Oracle Corporation"/>
    <property name="FILE_LOG_CHARSET" value="UTF-8"/>
    <property name="java.awt.graphicsenv" value="sun.awt.X11GraphicsEnvironment"/>
    <property name="java.awt.headless" value="true"/>
    <property name="surefire.real.class.path" value="/home/nico/Escritorio/projects/a/Segunda/Automation/MobileL2/test_FE/target/surefire/surefirebooter12031060738620154529.jar"/>
    <property name="sun.management.compiler" value="HotSpot 64-Bit Tiered Compilers"/>
    <property name="java.runtime.version" value="11.0.14+9-Ubuntu-0ubuntu2.20.04"/>
    <property name="user.name" value="nico"/>
    <property name="path.separator" value=":"/>
    <property name="os.version" value="5.14.0-1027-oem"/>
    <property name="java.runtime.name" value="OpenJDK Runtime Environment"/>
    <property name="file.encoding" value="UTF-8"/>
    <property name="spring.beaninfo.ignore" value="true"/>
    <property name="java.vm.name" value="OpenJDK 64-Bit Server VM"/>
    <property name="localRepository" value="/home/nico/.m2/repository"/>
    <property name="java.vendor.url.bug" value="https://bugs.launchpad.net/ubuntu/+source/openjdk-lts"/>
    <property name="java.io.tmpdir" value="/tmp"/>
    <property name="java.version" value="11.0.14"/>
    <property name="user.dir" value="/home/nico/Escritorio/projects/a/Segunda/Automation/MobileL2/test_FE"/>
    <property name="os.arch" value="amd64"/>
    <property name="java.vm.specification.name" value="Java Virtual Machine Specification"/>
    <property name="PID" value="38185"/>
    <property name="java.awt.printerjob" value="sun.print.PSPrinterJob"/>
    <property name="sun.os.patch.level" value="unknown"/>
    <property name="CONSOLE_LOG_CHARSET" value="UTF-8"/>
    <property name="java.library.path" value="/usr/java/packages/lib:/usr/lib/x86_64-linux-gnu/jni:/lib/x86_64-linux-gnu:/usr/lib/x86_64-linux-gnu:/usr/lib/jni:/lib:/usr/lib"/>
    <property name="java.vm.info" value="mixed mode, sharing"/>
    <property name="java.vendor" value="Ubuntu"/>
    <property name="java.vm.version" value="11.0.14+9-Ubuntu-0ubuntu2.20.04"/>
    <property name="sun.io.unicode.encoding" value="UnicodeLittle"/>
    <property name="java.class.version" value="55.0"/>
  </properties>
  <testcase name="Registrar dni" classname="Registro" time="1.391">
    <system-out><![CDATA[09:36:45.008 [main] DEBUG org.springframework.test.context.BootstrapUtils - Instantiating CacheAwareContextLoaderDelegate from class [org.springframework.test.context.cache.DefaultCacheAwareContextLoaderDelegate]
09:36:45.014 [main] DEBUG org.springframework.test.context.BootstrapUtils - Instantiating BootstrapContext using constructor [public org.springframework.test.context.support.DefaultBootstrapContext(java.lang.Class,org.springframework.test.context.CacheAwareContextLoaderDelegate)]
09:36:45.047 [main] DEBUG org.springframework.test.context.BootstrapUtils - Instantiating TestContextBootstrapper for test class [L2_Mobile.test_FE.CucumberSpringContextConfiguration] from class [org.springframework.boot.test.context.SpringBootTestContextBootstrapper]
09:36:45.056 [main] DEBUG org.springframework.boot.test.context.SpringBootTestContextBootstrapper - Found explicit ContextLoader class [org.springframework.boot.test.context.SpringBootContextLoader] for context configuration attributes [ContextConfigurationAttributes@69b2f8e5 declaringClass = 'L2_Mobile.test_FE.CucumberSpringContextConfiguration', classes = '{class L2_Mobile.test_FE.util.configurationSpring.TestConfig, class L2_Mobile.test_FE.StartApplication}', locations = '{}', inheritLocations = true, initializers = '{}', inheritInitializers = true, name = [null], contextLoaderClass = 'org.springframework.boot.test.context.SpringBootContextLoader']
09:36:45.060 [main] DEBUG org.springframework.test.context.support.AbstractContextLoader - Did not detect default resource location for test class [L2_Mobile.test_FE.CucumberSpringContextConfiguration]: class path resource [L2_Mobile/test_FE/CucumberSpringContextConfiguration-context.xml] does not exist
09:36:45.060 [main] DEBUG org.springframework.test.context.support.AbstractContextLoader - Did not detect default resource location for test class [L2_Mobile.test_FE.CucumberSpringContextConfiguration]: class path resource [L2_Mobile/test_FE/CucumberSpringContextConfigurationContext.groovy] does not exist
09:36:45.061 [main] INFO org.springframework.test.context.support.AbstractContextLoader - Could not detect default resource locations for test class [L2_Mobile.test_FE.CucumberSpringContextConfiguration]: no resource found for suffixes {-context.xml, Context.groovy}.
09:36:45.118 [main] DEBUG org.springframework.test.context.support.ActiveProfilesUtils - Could not find an 'annotation declaring class' for annotation type [org.springframework.test.context.ActiveProfiles] and class [L2_Mobile.test_FE.CucumberSpringContextConfiguration]
09:36:45.179 [main] DEBUG org.springframework.boot.test.context.SpringBootTestContextBootstrapper - @TestExecutionListeners is not present for class [L2_Mobile.test_FE.CucumberSpringContextConfiguration]: using defaults.
09:36:45.180 [main] INFO org.springframework.boot.test.context.SpringBootTestContextBootstrapper - Loaded default TestExecutionListener class names from location [META-INF/spring.factories]: [org.springframework.boot.test.mock.mockito.MockitoTestExecutionListener, org.springframework.boot.test.mock.mockito.ResetMocksTestExecutionListener, org.springframework.boot.test.autoconfigure.restdocs.RestDocsTestExecutionListener, org.springframework.boot.test.autoconfigure.web.client.MockRestServiceServerResetTestExecutionListener, org.springframework.boot.test.autoconfigure.web.servlet.MockMvcPrintOnlyOnFailureTestExecutionListener, org.springframework.boot.test.autoconfigure.web.servlet.WebDriverTestExecutionListener, org.springframework.boot.test.autoconfigure.webservices.client.MockWebServiceServerTestExecutionListener, org.springframework.test.context.web.ServletTestExecutionListener, org.springframework.test.context.support.DirtiesContextBeforeModesTestExecutionListener, org.springframework.test.context.event.ApplicationEventsTestExecutionListener, org.springframework.test.context.support.DependencyInjectionTestExecutionListener, org.springframework.test.context.support.DirtiesContextTestExecutionListener, org.springframework.test.context.transaction.TransactionalTestExecutionListener, org.springframework.test.context.jdbc.SqlScriptsTestExecutionListener, org.springframework.test.context.event.EventPublishingTestExecutionListener]
09:36:45.184 [main] DEBUG org.springframework.boot.test.context.SpringBootTestContextBootstrapper - Skipping candidate TestExecutionListener [org.springframework.test.context.web.ServletTestExecutionListener] due to a missing dependency. Specify custom listener classes or make the default listener classes and their required dependencies available. Offending class: [javax/servlet/ServletContext]
09:36:45.186 [main] DEBUG org.springframework.boot.test.context.SpringBootTestContextBootstrapper - Skipping candidate TestExecutionListener [org.springframework.test.context.transaction.TransactionalTestExecutionListener] due to a missing dependency. Specify custom listener classes or make the default listener classes and their required dependencies available. Offending class: [org/springframework/transaction/interceptor/TransactionAttributeSource]
09:36:45.186 [main] DEBUG org.springframework.boot.test.context.SpringBootTestContextBootstrapper - Skipping candidate TestExecutionListener [org.springframework.test.context.jdbc.SqlScriptsTestExecutionListener] due to a missing dependency. Specify custom listener classes or make the default listener classes and their required dependencies available. Offending class: [org/springframework/transaction/interceptor/TransactionAttribute]
09:36:45.186 [main] INFO org.springframework.boot.test.context.SpringBootTestContextBootstrapper - Using TestExecutionListeners: [org.springframework.test.context.support.DirtiesContextBeforeModesTestExecutionListener@5e1218b4, org.springframework.test.context.event.ApplicationEventsTestExecutionListener@12958360, org.springframework.boot.test.mock.mockito.MockitoTestExecutionListener@c6e0f32, org.springframework.boot.test.autoconfigure.SpringBootDependencyInjectionTestExecutionListener@6f3f0fae, org.springframework.test.context.support.DirtiesContextTestExecutionListener@21a66d45, org.springframework.test.context.event.EventPublishingTestExecutionListener@1f966492, org.springframework.boot.test.mock.mockito.ResetMocksTestExecutionListener@63fdffcd, org.springframework.boot.test.autoconfigure.restdocs.RestDocsTestExecutionListener@7428de63, org.springframework.boot.test.autoconfigure.web.client.MockRestServiceServerResetTestExecutionListener@66f659e6, org.springframework.boot.test.autoconfigure.web.servlet.MockMvcPrintOnlyOnFailureTestExecutionListener@4a68135e, org.springframework.boot.test.autoconfigure.web.servlet.WebDriverTestExecutionListener@46678e49, org.springframework.boot.test.autoconfigure.webservices.client.MockWebServiceServerTestExecutionListener@748e9b20]

  .   ____          _            __ _ _
 /\\ / ___'_ __ _ _(_)_ __  __ _ \ \ \ \
( ( )\___ | '_ | '_| | '_ \/ _` | \ \ \ \
 \\/  ___)| |_)| | | | | || (_| |  ) ) ) )
  '  |____| .__|_| |_|_| |_\__, | / / / /
 =========|_|==============|___/=/_/_/_/
 :: Spring Boot ::                (v2.6.4)

2022-03-11 09:36:45.436  INFO 38185 --- [           main] L.t.CucumberSpringContextConfiguration   : Starting CucumberSpringContextConfiguration using Java 11.0.14 on nico-ThinkPad-L14-Gen-1 with PID 38185 (started by nico in /home/nico/Escritorio/projects/a/Segunda/Automation/MobileL2/test_FE)
2022-03-11 09:36:45.439  INFO 38185 --- [           main] L.t.CucumberSpringContextConfiguration   : No active profile set, falling back to 1 default profile: "default"
2022-03-11 09:36:45.989  INFO 38185 --- [           main] L.t.CucumberSpringContextConfiguration   : Started CucumberSpringContextConfiguration in 0.786 seconds (JVM running for 2.22)

@Registro @Highest
Scenario: Registrar dni                                                                                                                                                                                                                               &amp#27;[90m# features/basicTests.feature:22&amp#27;[0m
2022-03-11 09:36:46.312  INFO 38185 --- [           main] L.t.CucumberSpringContextConfiguration   : Se inicializo correctamente el contexto de spring
  &amp#27;[32mGiven &amp#27;[0m&amp#27;[32mun nuevo usuario ingresa a la app y avanza al Login&amp#27;[0m                                                                                                                                                                                           &amp#27;[90m# L2_Mobile.test_FE.stepdefinitions.LoginStep.un_nuevo_usuario_ingresa_a_la_app_y_avanza_al_login()&amp#27;[0m
  &amp#27;[32mWhen &amp#27;[0m&amp#27;[32moprime sobre el boton Crear mi cuenta&amp#27;[0m                                                                                                                                                                                                          &amp#27;[90m# L2_Mobile.test_FE.stepdefinitions.LoginStep.oprime_sobre_el_boton_crear_mi_cuenta()&amp#27;[0m
  &amp#27;[32mAnd &amp#27;[0m&amp#27;[32mingresa su DNI &amp#27;[0m&amp#27;[32m&amp#27;[1m"16366559"&amp#27;[0m&amp#27;[32m, nombre &amp#27;[0m&amp#27;[32m&amp#27;[1m"Automation"&amp#27;[0m&amp#27;[32m, apellido &amp#27;[0m&amp#27;[32m&amp#27;[1m"Tecso"&amp#27;[0m&amp#27;[32m, telefono &amp#27;[0m&amp#27;[32m&amp#27;[1m"2494281960"&amp#27;[0m&amp#27;[32m y presiona Siguiente&amp#27;[0m                                                                                                                                    &amp#27;[90m# L2_Mobile.test_FE.stepdefinitions.LoginStep.ingresa_su_dni_nombre_apellido_telefono_y_presiona_siguiente(java.lang.String,java.lang.String,java.lang.String,java.lang.String)&amp#27;[0m
  &amp#27;[32mAnd &amp#27;[0m&amp#27;[32mingresa su nombre de usuario &amp#27;[0m&amp#27;[32m&amp#27;[1m"10TecsoAuto"&amp#27;[0m&amp#27;[32m, contraseña &amp#27;[0m&amp#27;[32m&amp#27;[1m"AutomationTecso1"&amp#27;[0m&amp#27;[32m, repite su contraseña &amp#27;[0m&amp#27;[32m&amp#27;[1m"AutomationTecso1"&amp#27;[0m&amp#27;[32m, su mail &amp#27;[0m&amp#27;[32m&amp#27;[1m"nicolas.rioseco@tecso.coop"&amp#27;[0m&amp#27;[32m, repite su mail &amp#27;[0m&amp#27;[32m&amp#27;[1m"nicolas.rioseco@tecso.coop"&amp#27;[0m&amp#27;[32m, acepta T&C y presiona sobre Crear Cuenta&amp#27;[0m &amp#27;[90m# L2_Mobile.test_FE.stepdefinitions.LoginStep.ingresa_su_nombre_de_usuario_contraseña_repite_su_contraseña_su_mail_repite_su_mail_acepta_t_c_y_presiona_sobre_crear_cuenta(java.lang.String,java.lang.String,java.lang.String,java.lang.String,java.lang.String)&amp#27;[0m
  &amp#27;[32mThen &amp#27;[0m&amp#27;[32mse crea correctamente el usuario&amp#27;[0m                                                                                                                                                                                                               &amp#27;[90m# L2_Mobile.test_FE.stepdefinitions.LoginStep.se_crea_correctamente_el_usuario()&amp#27;[0m
]]></system-out>
  </testcase>
</testsuite>