<?xml version="1.0" encoding="UTF-8"?>
<testsuite xmlns:xsi="http://www.w3.org/2001/XMLSchema-instance" xsi:noNamespaceSchemaLocation="https://maven.apache.org/surefire/maven-surefire-plugin/xsd/surefire-test-report-3.0.xsd" version="3.0" name="L2_Mobile.test_FE.RunCucumberTest" time="124.984" tests="4" errors="1" skipped="3" failures="0">
  <properties>
    <property name="sun.desktop" value="gnome"/>
    <property name="awt.toolkit" value="sun.awt.X11.XToolkit"/>
    <property name="java.specification.version" value="11"/>
    <property name="sun.cpu.isalist" value=""/>
    <property name="sun.jnu.encoding" value="UTF-8"/>
    <property name="java.class.path" value="/home/nico/Escritorio/projects/a/Segunda/Automation/MobileL2/test_FE/target/test-classes:/home/nico/Escritorio/projects/a/Segunda/Automation/MobileL2/test_FE/target/classes:/home/nico/.m2/repository/io/cucumber/cucumber-java/7.2.3/cucumber-java-7.2.3.jar:/home/nico/.m2/repository/io/cucumber/cucumber-core/7.2.3/cucumber-core-7.2.3.jar:/home/nico/.m2/repository/io/cucumber/cucumber-gherkin/7.2.3/cucumber-gherkin-7.2.3.jar:/home/nico/.m2/repository/io/cucumber/cucumber-gherkin-messages/7.2.3/cucumber-gherkin-messages-7.2.3.jar:/home/nico/.m2/repository/io/cucumber/tag-expressions/4.1.0/tag-expressions-4.1.0.jar:/home/nico/.m2/repository/io/cucumber/cucumber-expressions/15.0.1/cucumber-expressions-15.0.1.jar:/home/nico/.m2/repository/io/cucumber/datatable/7.2.3/datatable-7.2.3.jar:/home/nico/.m2/repository/io/cucumber/cucumber-plugin/7.2.3/cucumber-plugin-7.2.3.jar:/home/nico/.m2/repository/io/cucumber/docstring/7.2.3/docstring-7.2.3.jar:/home/nico/.m2/repository/io/cucumber/html-formatter/17.0.0/html-formatter-17.0.0.jar:/home/nico/.m2/repository/io/cucumber/ci-environment/8.1.0/ci-environment-8.1.0.jar:/home/nico/.m2/repository/org/apiguardian/apiguardian-api/1.1.2/apiguardian-api-1.1.2.jar:/home/nico/.m2/repository/io/cucumber/cucumber-junit-platform-engine/7.2.3/cucumber-junit-platform-engine-7.2.3.jar:/home/nico/.m2/repository/org/junit/platform/junit-platform-engine/1.8.2/junit-platform-engine-1.8.2.jar:/home/nico/.m2/repository/org/opentest4j/opentest4j/1.2.0/opentest4j-1.2.0.jar:/home/nico/.m2/repository/org/junit/platform/junit-platform-commons/1.8.2/junit-platform-commons-1.8.2.jar:/home/nico/.m2/repository/io/cucumber/gherkin/22.0.0/gherkin-22.0.0.jar:/home/nico/.m2/repository/io/cucumber/messages/17.1.1/messages-17.1.1.jar:/home/nico/.m2/repository/io/cucumber/cucumber-spring/7.2.3/cucumber-spring-7.2.3.jar:/home/nico/.m2/repository/org/junit/platform/junit-platform-suite/1.8.2/junit-platform-suite-1.8.2.jar:/home/nico/.m2/repository/org/junit/platform/junit-platform-suite-api/1.8.2/junit-platform-suite-api-1.8.2.jar:/home/nico/.m2/repository/org/junit/platform/junit-platform-suite-engine/1.8.2/junit-platform-suite-engine-1.8.2.jar:/home/nico/.m2/repository/org/junit/platform/junit-platform-suite-commons/1.8.2/junit-platform-suite-commons-1.8.2.jar:/home/nico/.m2/repository/org/junit/platform/junit-platform-launcher/1.8.2/junit-platform-launcher-1.8.2.jar:/home/nico/.m2/repository/org/junit/jupiter/junit-jupiter/5.8.2/junit-jupiter-5.8.2.jar:/home/nico/.m2/repository/org/junit/jupiter/junit-jupiter-api/5.8.2/junit-jupiter-api-5.8.2.jar:/home/nico/.m2/repository/org/junit/jupiter/junit-jupiter-params/5.8.2/junit-jupiter-params-5.8.2.jar:/home/nico/.m2/repository/org/junit/jupiter/junit-jupiter-engine/5.8.2/junit-jupiter-engine-5.8.2.jar:/home/nico/.m2/repository/org/springframework/boot/spring-boot-starter/2.6.4/spring-boot-starter-2.6.4.jar:/home/nico/.m2/repository/org/springframework/boot/spring-boot/2.6.4/spring-boot-2.6.4.jar:/home/nico/.m2/repository/org/springframework/boot/spring-boot-autoconfigure/2.6.4/spring-boot-autoconfigure-2.6.4.jar:/home/nico/.m2/repository/org/springframework/boot/spring-boot-starter-logging/2.6.4/spring-boot-starter-logging-2.6.4.jar:/home/nico/.m2/repository/ch/qos/logback/logback-classic/1.2.10/logback-classic-1.2.10.jar:/home/nico/.m2/repository/ch/qos/logback/logback-core/1.2.10/logback-core-1.2.10.jar:/home/nico/.m2/repository/org/apache/logging/log4j/log4j-to-slf4j/2.17.1/log4j-to-slf4j-2.17.1.jar:/home/nico/.m2/repository/org/apache/logging/log4j/log4j-api/2.17.1/log4j-api-2.17.1.jar:/home/nico/.m2/repository/org/slf4j/jul-to-slf4j/1.7.36/jul-to-slf4j-1.7.36.jar:/home/nico/.m2/repository/jakarta/annotation/jakarta.annotation-api/1.3.5/jakarta.annotation-api-1.3.5.jar:/home/nico/.m2/repository/org/springframework/spring-core/5.3.16/spring-core-5.3.16.jar:/home/nico/.m2/repository/org/springframework/spring-jcl/5.3.16/spring-jcl-5.3.16.jar:/home/nico/.m2/repository/org/yaml/snakeyaml/1.29/snakeyaml-1.29.jar:/home/nico/.m2/repository/org/springframework/boot/spring-boot-starter-test/2.6.4/spring-boot-starter-test-2.6.4.jar:/home/nico/.m2/repository/org/springframework/boot/spring-boot-test/2.6.4/spring-boot-test-2.6.4.jar:/home/nico/.m2/repository/org/springframework/boot/spring-boot-test-autoconfigure/2.6.4/spring-boot-test-autoconfigure-2.6.4.jar:/home/nico/.m2/repository/com/jayway/jsonpath/json-path/2.6.0/json-path-2.6.0.jar:/home/nico/.m2/repository/net/minidev/json-smart/2.4.8/json-smart-2.4.8.jar:/home/nico/.m2/repository/net/minidev/accessors-smart/2.4.8/accessors-smart-2.4.8.jar:/home/nico/.m2/repository/jakarta/xml/bind/jakarta.xml.bind-api/2.3.3/jakarta.xml.bind-api-2.3.3.jar:/home/nico/.m2/repository/jakarta/activation/jakarta.activation-api/1.2.2/jakarta.activation-api-1.2.2.jar:/home/nico/.m2/repository/org/assertj/assertj-core/3.21.0/assertj-core-3.21.0.jar:/home/nico/.m2/repository/org/hamcrest/hamcrest/2.2/hamcrest-2.2.jar:/home/nico/.m2/repository/org/mockito/mockito-core/4.0.0/mockito-core-4.0.0.jar:/home/nico/.m2/repository/net/bytebuddy/byte-buddy/1.11.22/byte-buddy-1.11.22.jar:/home/nico/.m2/repository/net/bytebuddy/byte-buddy-agent/1.11.22/byte-buddy-agent-1.11.22.jar:/home/nico/.m2/repository/org/objenesis/objenesis/3.2/objenesis-3.2.jar:/home/nico/.m2/repository/org/mockito/mockito-junit-jupiter/4.0.0/mockito-junit-jupiter-4.0.0.jar:/home/nico/.m2/repository/org/skyscreamer/jsonassert/1.5.0/jsonassert-1.5.0.jar:/home/nico/.m2/repository/com/vaadin/external/google/android-json/0.0.20131108.vaadin1/android-json-0.0.20131108.vaadin1.jar:/home/nico/.m2/repository/org/springframework/spring-test/5.3.16/spring-test-5.3.16.jar:/home/nico/.m2/repository/org/xmlunit/xmlunit-core/2.8.4/xmlunit-core-2.8.4.jar:/home/nico/.m2/repository/org/springframework/boot/spring-boot-configuration-processor/2.6.4/spring-boot-configuration-processor-2.6.4.jar:/home/nico/.m2/repository/io/appium/java-client/7.6.0/java-client-7.6.0.jar:/home/nico/.m2/repository/org/seleniumhq/selenium/selenium-java/3.141.59/selenium-java-3.141.59.jar:/home/nico/.m2/repository/org/seleniumhq/selenium/selenium-chrome-driver/3.141.59/selenium-chrome-driver-3.141.59.jar:/home/nico/.m2/repository/org/seleniumhq/selenium/selenium-edge-driver/3.141.59/selenium-edge-driver-3.141.59.jar:/home/nico/.m2/repository/org/seleniumhq/selenium/selenium-firefox-driver/3.141.59/selenium-firefox-driver-3.141.59.jar:/home/nico/.m2/repository/org/seleniumhq/selenium/selenium-ie-driver/3.141.59/selenium-ie-driver-3.141.59.jar:/home/nico/.m2/repository/org/seleniumhq/selenium/selenium-opera-driver/3.141.59/selenium-opera-driver-3.141.59.jar:/home/nico/.m2/repository/org/seleniumhq/selenium/selenium-remote-driver/3.141.59/selenium-remote-driver-3.141.59.jar:/home/nico/.m2/repository/org/seleniumhq/selenium/selenium-safari-driver/3.141.59/selenium-safari-driver-3.141.59.jar:/home/nico/.m2/repository/org/apache/commons/commons-exec/1.3/commons-exec-1.3.jar:/home/nico/.m2/repository/com/google/guava/guava/25.0-jre/guava-25.0-jre.jar:/home/nico/.m2/repository/com/google/code/findbugs/jsr305/1.3.9/jsr305-1.3.9.jar:/home/nico/.m2/repository/org/checkerframework/checker-compat-qual/2.0.0/checker-compat-qual-2.0.0.jar:/home/nico/.m2/repository/com/google/errorprone/error_prone_annotations/2.1.3/error_prone_annotations-2.1.3.jar:/home/nico/.m2/repository/com/google/j2objc/j2objc-annotations/1.1/j2objc-annotations-1.1.jar:/home/nico/.m2/repository/org/codehaus/mojo/animal-sniffer-annotations/1.14/animal-sniffer-annotations-1.14.jar:/home/nico/.m2/repository/com/squareup/okhttp3/okhttp/3.14.9/okhttp-3.14.9.jar:/home/nico/.m2/repository/com/squareup/okio/okio/1.14.0/okio-1.14.0.jar:/home/nico/.m2/repository/org/seleniumhq/selenium/selenium-support/3.141.59/selenium-support-3.141.59.jar:/home/nico/.m2/repository/org/seleniumhq/selenium/selenium-api/3.141.59/selenium-api-3.141.59.jar:/home/nico/.m2/repository/com/google/code/gson/gson/2.8.9/gson-2.8.9.jar:/home/nico/.m2/repository/org/apache/httpcomponents/httpclient/4.5.13/httpclient-4.5.13.jar:/home/nico/.m2/repository/org/apache/httpcomponents/httpcore/4.4.15/httpcore-4.4.15.jar:/home/nico/.m2/repository/commons-codec/commons-codec/1.15/commons-codec-1.15.jar:/home/nico/.m2/repository/cglib/cglib/3.3.0/cglib-3.3.0.jar:/home/nico/.m2/repository/org/ow2/asm/asm/7.1/asm-7.1.jar:/home/nico/.m2/repository/commons-validator/commons-validator/1.7/commons-validator-1.7.jar:/home/nico/.m2/repository/commons-beanutils/commons-beanutils/1.9.4/commons-beanutils-1.9.4.jar:/home/nico/.m2/repository/commons-digester/commons-digester/2.1/commons-digester-2.1.jar:/home/nico/.m2/repository/commons-logging/commons-logging/1.2/commons-logging-1.2.jar:/home/nico/.m2/repository/commons-collections/commons-collections/3.2.2/commons-collections-3.2.2.jar:/home/nico/.m2/repository/org/apache/commons/commons-lang3/3.12.0/commons-lang3-3.12.0.jar:/home/nico/.m2/repository/commons-io/commons-io/2.11.0/commons-io-2.11.0.jar:/home/nico/.m2/repository/org/springframework/spring-context/5.3.16/spring-context-5.3.16.jar:/home/nico/.m2/repository/org/springframework/spring-aop/5.3.16/spring-aop-5.3.16.jar:/home/nico/.m2/repository/org/springframework/spring-beans/5.3.16/spring-beans-5.3.16.jar:/home/nico/.m2/repository/org/springframework/spring-expression/5.3.16/spring-expression-5.3.16.jar:/home/nico/.m2/repository/org/aspectj/aspectjweaver/1.9.7/aspectjweaver-1.9.7.jar:/home/nico/.m2/repository/org/slf4j/slf4j-api/1.7.36/slf4j-api-1.7.36.jar:/home/nico/.m2/repository/tech/grasshopper/extentreports-cucumber7-adapter/1.2.0/extentreports-cucumber7-adapter-1.2.0.jar:/home/nico/.m2/repository/com/aventstack/extentreports/5.0.9/extentreports-5.0.9.jar:/home/nico/.m2/repository/io/reactivex/rxjava3/rxjava/3.0.4/rxjava-3.0.4.jar:/home/nico/.m2/repository/org/reactivestreams/reactive-streams/1.0.3/reactive-streams-1.0.3.jar:/home/nico/.m2/repository/org/freemarker/freemarker/2.3.31/freemarker-2.3.31.jar:/home/nico/.m2/repository/org/projectlombok/lombok/1.18.22/lombok-1.18.22.jar:/home/nico/.m2/repository/tech/grasshopper/extent-pdf-report/1.7.4/extent-pdf-report-1.7.4.jar:/home/nico/.m2/repository/tech/grasshopper/cucumber-pdf-report/2.2.4/cucumber-pdf-report-2.2.4.jar:/home/nico/.m2/repository/org/apache/pdfbox/pdfbox/2.0.22/pdfbox-2.0.22.jar:/home/nico/.m2/repository/org/apache/pdfbox/fontbox/2.0.22/fontbox-2.0.22.jar:/home/nico/.m2/repository/org/knowm/xchart/xchart/3.8.0/xchart-3.8.0.jar:/home/nico/.m2/repository/de/erichseifert/vectorgraphics2d/VectorGraphics2D/0.13/VectorGraphics2D-0.13.jar:/home/nico/.m2/repository/de/rototor/pdfbox/graphics2d/0.30/graphics2d-0.30.jar:/home/nico/.m2/repository/com/madgag/animated-gif-lib/1.4/animated-gif-lib-1.4.jar:/home/nico/.m2/repository/tech/grasshopper/table-layout/1.2.0/table-layout-1.2.0.jar:/home/nico/.m2/repository/org/jsoup/jsoup/1.13.1/jsoup-1.13.1.jar:/home/nico/.m2/repository/com/aventstack/klov-reporter/5.0.9/klov-reporter-5.0.9.jar:/home/nico/.m2/repository/org/mongodb/mongodb-driver/3.6.4/mongodb-driver-3.6.4.jar:/home/nico/.m2/repository/org/mongodb/mongodb-driver-core/4.4.2/mongodb-driver-core-4.4.2.jar:/home/nico/.m2/repository/org/mongodb/bson/4.4.2/bson-4.4.2.jar:/home/nico/.m2/repository/org/apache/httpcomponents/httpmime/4.5.13/httpmime-4.5.13.jar:/home/nico/.m2/repository/tech/grasshopper/htmlextentreporter/1.0.0/htmlextentreporter-1.0.0.jar:/home/nico/.m2/repository/io/cucumber/cucumber-picocontainer/1.2.6/cucumber-picocontainer-1.2.6.jar:/home/nico/.m2/repository/info/cukes/cucumber-jvm-deps/1.0.5/cucumber-jvm-deps-1.0.5.jar:/home/nico/.m2/repository/info/cukes/gherkin/2.12.2/gherkin-2.12.2.jar:/home/nico/.m2/repository/org/picocontainer/picocontainer/2.15/picocontainer-2.15.jar:"/>
    <property name="java.vm.vendor" value="Ubuntu"/>
    <property name="sun.arch.data.model" value="64"/>
    <property name="java.vendor.url" value="https://ubuntu.com/"/>
    <property name="user.timezone" value="America/Argentina/Buenos_Aires"/>
    <property name="java.vm.specification.version" value="11"/>
    <property name="os.name" value="Linux"/>
    <property name="sun.java.launcher" value="SUN_STANDARD"/>
    <property name="user.country" value="AR"/>
    <property name="sun.boot.library.path" value="/usr/lib/jvm/java-11-openjdk-amd64/lib"/>
    <property name="sun.java.command" value="/home/nico/Escritorio/projects/a/Segunda/Automation/MobileL2/test_FE/target/surefire/surefirebooter12257107864675823536.jar /home/nico/Escritorio/projects/a/Segunda/Automation/MobileL2/test_FE/target/surefire 2022-03-16T17-51-50_711-jvmRun1 surefire5616190280385429352tmp surefire_017432742923658118733tmp"/>
    <property name="jdk.debug" value="release"/>
    <property name="surefire.test.class.path" value="/home/nico/Escritorio/projects/a/Segunda/Automation/MobileL2/test_FE/target/test-classes:/home/nico/Escritorio/projects/a/Segunda/Automation/MobileL2/test_FE/target/classes:/home/nico/.m2/repository/io/cucumber/cucumber-java/7.2.3/cucumber-java-7.2.3.jar:/home/nico/.m2/repository/io/cucumber/cucumber-core/7.2.3/cucumber-core-7.2.3.jar:/home/nico/.m2/repository/io/cucumber/cucumber-gherkin/7.2.3/cucumber-gherkin-7.2.3.jar:/home/nico/.m2/repository/io/cucumber/cucumber-gherkin-messages/7.2.3/cucumber-gherkin-messages-7.2.3.jar:/home/nico/.m2/repository/io/cucumber/tag-expressions/4.1.0/tag-expressions-4.1.0.jar:/home/nico/.m2/repository/io/cucumber/cucumber-expressions/15.0.1/cucumber-expressions-15.0.1.jar:/home/nico/.m2/repository/io/cucumber/datatable/7.2.3/datatable-7.2.3.jar:/home/nico/.m2/repository/io/cucumber/cucumber-plugin/7.2.3/cucumber-plugin-7.2.3.jar:/home/nico/.m2/repository/io/cucumber/docstring/7.2.3/docstring-7.2.3.jar:/home/nico/.m2/repository/io/cucumber/html-formatter/17.0.0/html-formatter-17.0.0.jar:/home/nico/.m2/repository/io/cucumber/ci-environment/8.1.0/ci-environment-8.1.0.jar:/home/nico/.m2/repository/org/apiguardian/apiguardian-api/1.1.2/apiguardian-api-1.1.2.jar:/home/nico/.m2/repository/io/cucumber/cucumber-junit-platform-engine/7.2.3/cucumber-junit-platform-engine-7.2.3.jar:/home/nico/.m2/repository/org/junit/platform/junit-platform-engine/1.8.2/junit-platform-engine-1.8.2.jar:/home/nico/.m2/repository/org/opentest4j/opentest4j/1.2.0/opentest4j-1.2.0.jar:/home/nico/.m2/repository/org/junit/platform/junit-platform-commons/1.8.2/junit-platform-commons-1.8.2.jar:/home/nico/.m2/repository/io/cucumber/gherkin/22.0.0/gherkin-22.0.0.jar:/home/nico/.m2/repository/io/cucumber/messages/17.1.1/messages-17.1.1.jar:/home/nico/.m2/repository/io/cucumber/cucumber-spring/7.2.3/cucumber-spring-7.2.3.jar:/home/nico/.m2/repository/org/junit/platform/junit-platform-suite/1.8.2/junit-platform-suite-1.8.2.jar:/home/nico/.m2/repository/org/junit/platform/junit-platform-suite-api/1.8.2/junit-platform-suite-api-1.8.2.jar:/home/nico/.m2/repository/org/junit/platform/junit-platform-suite-engine/1.8.2/junit-platform-suite-engine-1.8.2.jar:/home/nico/.m2/repository/org/junit/platform/junit-platform-suite-commons/1.8.2/junit-platform-suite-commons-1.8.2.jar:/home/nico/.m2/repository/org/junit/platform/junit-platform-launcher/1.8.2/junit-platform-launcher-1.8.2.jar:/home/nico/.m2/repository/org/junit/jupiter/junit-jupiter/5.8.2/junit-jupiter-5.8.2.jar:/home/nico/.m2/repository/org/junit/jupiter/junit-jupiter-api/5.8.2/junit-jupiter-api-5.8.2.jar:/home/nico/.m2/repository/org/junit/jupiter/junit-jupiter-params/5.8.2/junit-jupiter-params-5.8.2.jar:/home/nico/.m2/repository/org/junit/jupiter/junit-jupiter-engine/5.8.2/junit-jupiter-engine-5.8.2.jar:/home/nico/.m2/repository/org/springframework/boot/spring-boot-starter/2.6.4/spring-boot-starter-2.6.4.jar:/home/nico/.m2/repository/org/springframework/boot/spring-boot/2.6.4/spring-boot-2.6.4.jar:/home/nico/.m2/repository/org/springframework/boot/spring-boot-autoconfigure/2.6.4/spring-boot-autoconfigure-2.6.4.jar:/home/nico/.m2/repository/org/springframework/boot/spring-boot-starter-logging/2.6.4/spring-boot-starter-logging-2.6.4.jar:/home/nico/.m2/repository/ch/qos/logback/logback-classic/1.2.10/logback-classic-1.2.10.jar:/home/nico/.m2/repository/ch/qos/logback/logback-core/1.2.10/logback-core-1.2.10.jar:/home/nico/.m2/repository/org/apache/logging/log4j/log4j-to-slf4j/2.17.1/log4j-to-slf4j-2.17.1.jar:/home/nico/.m2/repository/org/apache/logging/log4j/log4j-api/2.17.1/log4j-api-2.17.1.jar:/home/nico/.m2/repository/org/slf4j/jul-to-slf4j/1.7.36/jul-to-slf4j-1.7.36.jar:/home/nico/.m2/repository/jakarta/annotation/jakarta.annotation-api/1.3.5/jakarta.annotation-api-1.3.5.jar:/home/nico/.m2/repository/org/springframework/spring-core/5.3.16/spring-core-5.3.16.jar:/home/nico/.m2/repository/org/springframework/spring-jcl/5.3.16/spring-jcl-5.3.16.jar:/home/nico/.m2/repository/org/yaml/snakeyaml/1.29/snakeyaml-1.29.jar:/home/nico/.m2/repository/org/springframework/boot/spring-boot-starter-test/2.6.4/spring-boot-starter-test-2.6.4.jar:/home/nico/.m2/repository/org/springframework/boot/spring-boot-test/2.6.4/spring-boot-test-2.6.4.jar:/home/nico/.m2/repository/org/springframework/boot/spring-boot-test-autoconfigure/2.6.4/spring-boot-test-autoconfigure-2.6.4.jar:/home/nico/.m2/repository/com/jayway/jsonpath/json-path/2.6.0/json-path-2.6.0.jar:/home/nico/.m2/repository/net/minidev/json-smart/2.4.8/json-smart-2.4.8.jar:/home/nico/.m2/repository/net/minidev/accessors-smart/2.4.8/accessors-smart-2.4.8.jar:/home/nico/.m2/repository/jakarta/xml/bind/jakarta.xml.bind-api/2.3.3/jakarta.xml.bind-api-2.3.3.jar:/home/nico/.m2/repository/jakarta/activation/jakarta.activation-api/1.2.2/jakarta.activation-api-1.2.2.jar:/home/nico/.m2/repository/org/assertj/assertj-core/3.21.0/assertj-core-3.21.0.jar:/home/nico/.m2/repository/org/hamcrest/hamcrest/2.2/hamcrest-2.2.jar:/home/nico/.m2/repository/org/mockito/mockito-core/4.0.0/mockito-core-4.0.0.jar:/home/nico/.m2/repository/net/bytebuddy/byte-buddy/1.11.22/byte-buddy-1.11.22.jar:/home/nico/.m2/repository/net/bytebuddy/byte-buddy-agent/1.11.22/byte-buddy-agent-1.11.22.jar:/home/nico/.m2/repository/org/objenesis/objenesis/3.2/objenesis-3.2.jar:/home/nico/.m2/repository/org/mockito/mockito-junit-jupiter/4.0.0/mockito-junit-jupiter-4.0.0.jar:/home/nico/.m2/repository/org/skyscreamer/jsonassert/1.5.0/jsonassert-1.5.0.jar:/home/nico/.m2/repository/com/vaadin/external/google/android-json/0.0.20131108.vaadin1/android-json-0.0.20131108.vaadin1.jar:/home/nico/.m2/repository/org/springframework/spring-test/5.3.16/spring-test-5.3.16.jar:/home/nico/.m2/repository/org/xmlunit/xmlunit-core/2.8.4/xmlunit-core-2.8.4.jar:/home/nico/.m2/repository/org/springframework/boot/spring-boot-configuration-processor/2.6.4/spring-boot-configuration-processor-2.6.4.jar:/home/nico/.m2/repository/io/appium/java-client/7.6.0/java-client-7.6.0.jar:/home/nico/.m2/repository/org/seleniumhq/selenium/selenium-java/3.141.59/selenium-java-3.141.59.jar:/home/nico/.m2/repository/org/seleniumhq/selenium/selenium-chrome-driver/3.141.59/selenium-chrome-driver-3.141.59.jar:/home/nico/.m2/repository/org/seleniumhq/selenium/selenium-edge-driver/3.141.59/selenium-edge-driver-3.141.59.jar:/home/nico/.m2/repository/org/seleniumhq/selenium/selenium-firefox-driver/3.141.59/selenium-firefox-driver-3.141.59.jar:/home/nico/.m2/repository/org/seleniumhq/selenium/selenium-ie-driver/3.141.59/selenium-ie-driver-3.141.59.jar:/home/nico/.m2/repository/org/seleniumhq/selenium/selenium-opera-driver/3.141.59/selenium-opera-driver-3.141.59.jar:/home/nico/.m2/repository/org/seleniumhq/selenium/selenium-remote-driver/3.141.59/selenium-remote-driver-3.141.59.jar:/home/nico/.m2/repository/org/seleniumhq/selenium/selenium-safari-driver/3.141.59/selenium-safari-driver-3.141.59.jar:/home/nico/.m2/repository/org/apache/commons/commons-exec/1.3/commons-exec-1.3.jar:/home/nico/.m2/repository/com/google/guava/guava/25.0-jre/guava-25.0-jre.jar:/home/nico/.m2/repository/com/google/code/findbugs/jsr305/1.3.9/jsr305-1.3.9.jar:/home/nico/.m2/repository/org/checkerframework/checker-compat-qual/2.0.0/checker-compat-qual-2.0.0.jar:/home/nico/.m2/repository/com/google/errorprone/error_prone_annotations/2.1.3/error_prone_annotations-2.1.3.jar:/home/nico/.m2/repository/com/google/j2objc/j2objc-annotations/1.1/j2objc-annotations-1.1.jar:/home/nico/.m2/repository/org/codehaus/mojo/animal-sniffer-annotations/1.14/animal-sniffer-annotations-1.14.jar:/home/nico/.m2/repository/com/squareup/okhttp3/okhttp/3.14.9/okhttp-3.14.9.jar:/home/nico/.m2/repository/com/squareup/okio/okio/1.14.0/okio-1.14.0.jar:/home/nico/.m2/repository/org/seleniumhq/selenium/selenium-support/3.141.59/selenium-support-3.141.59.jar:/home/nico/.m2/repository/org/seleniumhq/selenium/selenium-api/3.141.59/selenium-api-3.141.59.jar:/home/nico/.m2/repository/com/google/code/gson/gson/2.8.9/gson-2.8.9.jar:/home/nico/.m2/repository/org/apache/httpcomponents/httpclient/4.5.13/httpclient-4.5.13.jar:/home/nico/.m2/repository/org/apache/httpcomponents/httpcore/4.4.15/httpcore-4.4.15.jar:/home/nico/.m2/repository/commons-codec/commons-codec/1.15/commons-codec-1.15.jar:/home/nico/.m2/repository/cglib/cglib/3.3.0/cglib-3.3.0.jar:/home/nico/.m2/repository/org/ow2/asm/asm/7.1/asm-7.1.jar:/home/nico/.m2/repository/commons-validator/commons-validator/1.7/commons-validator-1.7.jar:/home/nico/.m2/repository/commons-beanutils/commons-beanutils/1.9.4/commons-beanutils-1.9.4.jar:/home/nico/.m2/repository/commons-digester/commons-digester/2.1/commons-digester-2.1.jar:/home/nico/.m2/repository/commons-logging/commons-logging/1.2/commons-logging-1.2.jar:/home/nico/.m2/repository/commons-collections/commons-collections/3.2.2/commons-collections-3.2.2.jar:/home/nico/.m2/repository/org/apache/commons/commons-lang3/3.12.0/commons-lang3-3.12.0.jar:/home/nico/.m2/repository/commons-io/commons-io/2.11.0/commons-io-2.11.0.jar:/home/nico/.m2/repository/org/springframework/spring-context/5.3.16/spring-context-5.3.16.jar:/home/nico/.m2/repository/org/springframework/spring-aop/5.3.16/spring-aop-5.3.16.jar:/home/nico/.m2/repository/org/springframework/spring-beans/5.3.16/spring-beans-5.3.16.jar:/home/nico/.m2/repository/org/springframework/spring-expression/5.3.16/spring-expression-5.3.16.jar:/home/nico/.m2/repository/org/aspectj/aspectjweaver/1.9.7/aspectjweaver-1.9.7.jar:/home/nico/.m2/repository/org/slf4j/slf4j-api/1.7.36/slf4j-api-1.7.36.jar:/home/nico/.m2/repository/tech/grasshopper/extentreports-cucumber7-adapter/1.2.0/extentreports-cucumber7-adapter-1.2.0.jar:/home/nico/.m2/repository/com/aventstack/extentreports/5.0.9/extentreports-5.0.9.jar:/home/nico/.m2/repository/io/reactivex/rxjava3/rxjava/3.0.4/rxjava-3.0.4.jar:/home/nico/.m2/repository/org/reactivestreams/reactive-streams/1.0.3/reactive-streams-1.0.3.jar:/home/nico/.m2/repository/org/freemarker/freemarker/2.3.31/freemarker-2.3.31.jar:/home/nico/.m2/repository/org/projectlombok/lombok/1.18.22/lombok-1.18.22.jar:/home/nico/.m2/repository/tech/grasshopper/extent-pdf-report/1.7.4/extent-pdf-report-1.7.4.jar:/home/nico/.m2/repository/tech/grasshopper/cucumber-pdf-report/2.2.4/cucumber-pdf-report-2.2.4.jar:/home/nico/.m2/repository/org/apache/pdfbox/pdfbox/2.0.22/pdfbox-2.0.22.jar:/home/nico/.m2/repository/org/apache/pdfbox/fontbox/2.0.22/fontbox-2.0.22.jar:/home/nico/.m2/repository/org/knowm/xchart/xchart/3.8.0/xchart-3.8.0.jar:/home/nico/.m2/repository/de/erichseifert/vectorgraphics2d/VectorGraphics2D/0.13/VectorGraphics2D-0.13.jar:/home/nico/.m2/repository/de/rototor/pdfbox/graphics2d/0.30/graphics2d-0.30.jar:/home/nico/.m2/repository/com/madgag/animated-gif-lib/1.4/animated-gif-lib-1.4.jar:/home/nico/.m2/repository/tech/grasshopper/table-layout/1.2.0/table-layout-1.2.0.jar:/home/nico/.m2/repository/org/jsoup/jsoup/1.13.1/jsoup-1.13.1.jar:/home/nico/.m2/repository/com/aventstack/klov-reporter/5.0.9/klov-reporter-5.0.9.jar:/home/nico/.m2/repository/org/mongodb/mongodb-driver/3.6.4/mongodb-driver-3.6.4.jar:/home/nico/.m2/repository/org/mongodb/mongodb-driver-core/4.4.2/mongodb-driver-core-4.4.2.jar:/home/nico/.m2/repository/org/mongodb/bson/4.4.2/bson-4.4.2.jar:/home/nico/.m2/repository/org/apache/httpcomponents/httpmime/4.5.13/httpmime-4.5.13.jar:/home/nico/.m2/repository/tech/grasshopper/htmlextentreporter/1.0.0/htmlextentreporter-1.0.0.jar:/home/nico/.m2/repository/io/cucumber/cucumber-picocontainer/1.2.6/cucumber-picocontainer-1.2.6.jar:/home/nico/.m2/repository/info/cukes/cucumber-jvm-deps/1.0.5/cucumber-jvm-deps-1.0.5.jar:/home/nico/.m2/repository/info/cukes/gherkin/2.12.2/gherkin-2.12.2.jar:/home/nico/.m2/repository/org/picocontainer/picocontainer/2.15/picocontainer-2.15.jar:"/>
    <property name="sun.cpu.endian" value="little"/>
    <property name="user.home" value="/home/nico"/>
    <property name="user.language" value="es"/>
    <property name="java.specification.vendor" value="Oracle Corporation"/>
    <property name="java.version.date" value="2022-01-18"/>
    <property name="java.home" value="/usr/lib/jvm/java-11-openjdk-amd64"/>
    <property name="file.separator" value="/"/>
    <property name="basedir" value="/home/nico/Escritorio/projects/a/Segunda/Automation/MobileL2/test_FE"/>
    <property name="java.vm.compressedOopsMode" value="Zero based"/>
    <property name="line.separator" value="&#10;"/>
    <property name="java.specification.name" value="Java Platform API Specification"/>
    <property name="java.vm.specification.vendor" value="Oracle Corporation"/>
    <property name="FILE_LOG_CHARSET" value="UTF-8"/>
    <property name="java.awt.graphicsenv" value="sun.awt.X11GraphicsEnvironment"/>
    <property name="java.awt.headless" value="true"/>
    <property name="surefire.real.class.path" value="/home/nico/Escritorio/projects/a/Segunda/Automation/MobileL2/test_FE/target/surefire/surefirebooter12257107864675823536.jar"/>
    <property name="sun.management.compiler" value="HotSpot 64-Bit Tiered Compilers"/>
    <property name="java.runtime.version" value="11.0.14+9-Ubuntu-0ubuntu2.20.04"/>
    <property name="user.name" value="nico"/>
    <property name="path.separator" value=":"/>
    <property name="os.version" value="5.14.0-1027-oem"/>
    <property name="java.runtime.name" value="OpenJDK Runtime Environment"/>
    <property name="file.encoding" value="UTF-8"/>
    <property name="spring.beaninfo.ignore" value="true"/>
    <property name="java.vm.name" value="OpenJDK 64-Bit Server VM"/>
    <property name="localRepository" value="/home/nico/.m2/repository"/>
    <property name="java.vendor.url.bug" value="https://bugs.launchpad.net/ubuntu/+source/openjdk-lts"/>
    <property name="java.io.tmpdir" value="/tmp"/>
    <property name="java.version" value="11.0.14"/>
    <property name="user.dir" value="/home/nico/Escritorio/projects/a/Segunda/Automation/MobileL2/test_FE"/>
    <property name="os.arch" value="amd64"/>
    <property name="java.vm.specification.name" value="Java Virtual Machine Specification"/>
    <property name="PID" value="389105"/>
    <property name="java.awt.printerjob" value="sun.print.PSPrinterJob"/>
    <property name="sun.os.patch.level" value="unknown"/>
    <property name="CONSOLE_LOG_CHARSET" value="UTF-8"/>
    <property name="java.library.path" value="/usr/java/packages/lib:/usr/lib/x86_64-linux-gnu/jni:/lib/x86_64-linux-gnu:/usr/lib/x86_64-linux-gnu:/usr/lib/jni:/lib:/usr/lib"/>
    <property name="java.vm.info" value="mixed mode, sharing"/>
    <property name="java.vendor" value="Ubuntu"/>
    <property name="java.vm.version" value="11.0.14+9-Ubuntu-0ubuntu2.20.04"/>
    <property name="sun.io.unicode.encoding" value="UnicodeLittle"/>
    <property name="java.class.version" value="55.0"/>
  </properties>
  <testcase name="Registrar dni" classname="Registro" time="0">
    <skipped message="&apos;cucumber.filter.tags=@Denuncia&apos; did not match this scenario"/>
  </testcase>
  <testcase name="Recuperar Usuario" classname="Registro" time="0">
    <skipped message="&apos;cucumber.filter.tags=@Denuncia&apos; did not match this scenario"/>
  </testcase>
  <testcase name="Logearse" classname="Registro" time="0">
    <skipped message="&apos;cucumber.filter.tags=@Denuncia&apos; did not match this scenario"/>
  </testcase>
  <testcase name="Denuncia de siniestro - Tipo Robo - Bien asegurado: Joya" classname="Registro" time="123.61">
    <error type="org.openqa.selenium.TimeoutException"><![CDATA[org.openqa.selenium.TimeoutException: Expected condition failed: waiting for visibility of element located by By.id: com.android.packageinstaller:id/permission_allow_button (tried for 60 second(s) with 500 milliseconds interval)
Caused by: org.openqa.selenium.NoSuchElementException: 
An element could not be located on the page using the given search parameters.
For documentation on this error, please visit: https://www.seleniumhq.org/exceptions/no_such_element.html
Build info: version: '3.141.59', revision: 'e82be7d358', time: '2018-11-14T08:17:03'
System info: host: 'nico-ThinkPad-L14-Gen-1', ip: '127.0.1.1', os.name: 'Linux', os.arch: 'amd64', os.version: '5.14.0-1027-oem', java.version: '11.0.14'
Driver info: io.appium.java_client.android.AndroidDriver
Capabilities {app: /home/nico/Escritorio/proje..., appPackage: ar.com.lasegunda.app, databaseEnabled: false, desired: {app: /home/nico/Escritorio/proje..., deviceName: samsung SM-G532M, platformName: android, resetKeyboard: false, udid: 420054d9c6bb45bb, uiautomator2ServerInstallTimeout: 100000, unicodeKeyboard: false}, deviceApiLevel: 23, deviceManufacturer: samsung, deviceModel: SM-G532M, deviceName: 420054d9c6bb45bb, deviceScreenDensity: 240, deviceScreenSize: 540x960, deviceUDID: 420054d9c6bb45bb, javascriptEnabled: true, locationContextEnabled: false, networkConnectionEnabled: true, pixelRatio: 1.5, platform: LINUX, platformName: Android, platformVersion: 6.0.1, resetKeyboard: false, statBarHeight: 36, takesScreenshot: true, udid: 420054d9c6bb45bb, uiautomator2ServerInstallTimeout: 100000, unicodeKeyboard: false, viewportRect: {height: 924, left: 0, top: 36, width: 540}, warnings: {}, webStorageEnabled: false}
Session ID: 176b09bc-dc6d-496c-ab9e-ebe9f34634b7
*** Element info: {Using=id, value=com.android.packageinstaller:id/permission_allow_button}
]]></error>
    <system-out><![CDATA[17:51:53.063 [main] DEBUG org.springframework.test.context.BootstrapUtils - Instantiating CacheAwareContextLoaderDelegate from class [org.springframework.test.context.cache.DefaultCacheAwareContextLoaderDelegate]
17:51:53.073 [main] DEBUG org.springframework.test.context.BootstrapUtils - Instantiating BootstrapContext using constructor [public org.springframework.test.context.support.DefaultBootstrapContext(java.lang.Class,org.springframework.test.context.CacheAwareContextLoaderDelegate)]
17:51:53.111 [main] DEBUG org.springframework.test.context.BootstrapUtils - Instantiating TestContextBootstrapper for test class [L2_Mobile.test_FE.CucumberSpringContextConfiguration] from class [org.springframework.boot.test.context.SpringBootTestContextBootstrapper]
17:51:53.123 [main] DEBUG org.springframework.boot.test.context.SpringBootTestContextBootstrapper - Found explicit ContextLoader class [org.springframework.boot.test.context.SpringBootContextLoader] for context configuration attributes [ContextConfigurationAttributes@5eeedb60 declaringClass = 'L2_Mobile.test_FE.CucumberSpringContextConfiguration', classes = '{class L2_Mobile.test_FE.util.configurationSpring.TestConfig, class L2_Mobile.test_FE.StartApplication}', locations = '{}', inheritLocations = true, initializers = '{}', inheritInitializers = true, name = [null], contextLoaderClass = 'org.springframework.boot.test.context.SpringBootContextLoader']
17:51:53.129 [main] DEBUG org.springframework.test.context.support.AbstractContextLoader - Did not detect default resource location for test class [L2_Mobile.test_FE.CucumberSpringContextConfiguration]: class path resource [L2_Mobile/test_FE/CucumberSpringContextConfiguration-context.xml] does not exist
17:51:53.129 [main] DEBUG org.springframework.test.context.support.AbstractContextLoader - Did not detect default resource location for test class [L2_Mobile.test_FE.CucumberSpringContextConfiguration]: class path resource [L2_Mobile/test_FE/CucumberSpringContextConfigurationContext.groovy] does not exist
17:51:53.129 [main] INFO org.springframework.test.context.support.AbstractContextLoader - Could not detect default resource locations for test class [L2_Mobile.test_FE.CucumberSpringContextConfiguration]: no resource found for suffixes {-context.xml, Context.groovy}.
17:51:53.220 [main] DEBUG org.springframework.test.context.support.ActiveProfilesUtils - Could not find an 'annotation declaring class' for annotation type [org.springframework.test.context.ActiveProfiles] and class [L2_Mobile.test_FE.CucumberSpringContextConfiguration]
17:51:53.327 [main] DEBUG org.springframework.boot.test.context.SpringBootTestContextBootstrapper - @TestExecutionListeners is not present for class [L2_Mobile.test_FE.CucumberSpringContextConfiguration]: using defaults.
17:51:53.328 [main] INFO org.springframework.boot.test.context.SpringBootTestContextBootstrapper - Loaded default TestExecutionListener class names from location [META-INF/spring.factories]: [org.springframework.boot.test.mock.mockito.MockitoTestExecutionListener, org.springframework.boot.test.mock.mockito.ResetMocksTestExecutionListener, org.springframework.boot.test.autoconfigure.restdocs.RestDocsTestExecutionListener, org.springframework.boot.test.autoconfigure.web.client.MockRestServiceServerResetTestExecutionListener, org.springframework.boot.test.autoconfigure.web.servlet.MockMvcPrintOnlyOnFailureTestExecutionListener, org.springframework.boot.test.autoconfigure.web.servlet.WebDriverTestExecutionListener, org.springframework.boot.test.autoconfigure.webservices.client.MockWebServiceServerTestExecutionListener, org.springframework.test.context.web.ServletTestExecutionListener, org.springframework.test.context.support.DirtiesContextBeforeModesTestExecutionListener, org.springframework.test.context.event.ApplicationEventsTestExecutionListener, org.springframework.test.context.support.DependencyInjectionTestExecutionListener, org.springframework.test.context.support.DirtiesContextTestExecutionListener, org.springframework.test.context.transaction.TransactionalTestExecutionListener, org.springframework.test.context.jdbc.SqlScriptsTestExecutionListener, org.springframework.test.context.event.EventPublishingTestExecutionListener]
17:51:53.335 [main] DEBUG org.springframework.boot.test.context.SpringBootTestContextBootstrapper - Skipping candidate TestExecutionListener [org.springframework.test.context.web.ServletTestExecutionListener] due to a missing dependency. Specify custom listener classes or make the default listener classes and their required dependencies available. Offending class: [javax/servlet/ServletContext]
17:51:53.338 [main] DEBUG org.springframework.boot.test.context.SpringBootTestContextBootstrapper - Skipping candidate TestExecutionListener [org.springframework.test.context.transaction.TransactionalTestExecutionListener] due to a missing dependency. Specify custom listener classes or make the default listener classes and their required dependencies available. Offending class: [org/springframework/transaction/interceptor/TransactionAttributeSource]
17:51:53.338 [main] DEBUG org.springframework.boot.test.context.SpringBootTestContextBootstrapper - Skipping candidate TestExecutionListener [org.springframework.test.context.jdbc.SqlScriptsTestExecutionListener] due to a missing dependency. Specify custom listener classes or make the default listener classes and their required dependencies available. Offending class: [org/springframework/transaction/interceptor/TransactionAttribute]
17:51:53.339 [main] INFO org.springframework.boot.test.context.SpringBootTestContextBootstrapper - Using TestExecutionListeners: [org.springframework.test.context.support.DirtiesContextBeforeModesTestExecutionListener@67b7c170, org.springframework.test.context.event.ApplicationEventsTestExecutionListener@67440de6, org.springframework.boot.test.mock.mockito.MockitoTestExecutionListener@889d9e8, org.springframework.boot.test.autoconfigure.SpringBootDependencyInjectionTestExecutionListener@5246a3b3, org.springframework.test.context.support.DirtiesContextTestExecutionListener@ba354ca, org.springframework.test.context.event.EventPublishingTestExecutionListener@4c4f4365, org.springframework.boot.test.mock.mockito.ResetMocksTestExecutionListener@acf859d, org.springframework.boot.test.autoconfigure.restdocs.RestDocsTestExecutionListener@6df3e44c, org.springframework.boot.test.autoconfigure.web.client.MockRestServiceServerResetTestExecutionListener@7ce7e83c, org.springframework.boot.test.autoconfigure.web.servlet.MockMvcPrintOnlyOnFailureTestExecutionListener@4a05d8ae, org.springframework.boot.test.autoconfigure.web.servlet.WebDriverTestExecutionListener@3c904f1e, org.springframework.boot.test.autoconfigure.webservices.client.MockWebServiceServerTestExecutionListener@4eb30d44]

  .   ____          _            __ _ _
 /\\ / ___'_ __ _ _(_)_ __  __ _ \ \ \ \
( ( )\___ | '_ | '_| | '_ \/ _` | \ \ \ \
 \\/  ___)| |_)| | | | | || (_| |  ) ) ) )
  '  |____| .__|_| |_|_| |_\__, | / / / /
 =========|_|==============|___/=/_/_/_/
 :: Spring Boot ::                (v2.6.4)

2022-03-16 17:51:53.702  INFO 389105 --- [           main] L.t.CucumberSpringContextConfiguration   : Starting CucumberSpringContextConfiguration using Java 11.0.14 on nico-ThinkPad-L14-Gen-1 with PID 389105 (started by nico in /home/nico/Escritorio/projects/a/Segunda/Automation/MobileL2/test_FE)
2022-03-16 17:51:53.706  INFO 389105 --- [           main] L.t.CucumberSpringContextConfiguration   : No active profile set, falling back to 1 default profile: "default"
2022-03-16 17:51:54.596  INFO 389105 --- [           main] L.t.CucumberSpringContextConfiguration   : Started CucumberSpringContextConfiguration in 1.234 seconds (JVM running for 3.335)

@Registro @Denuncia
Scenario: Denuncia de siniestro - Tipo Robo - Bien asegurado: Joya                                                                                                                                                                   &amp#27;[90m# features/basicTests.feature:45&amp#27;[0m
2022-03-16 17:51:55.230  INFO 389105 --- [           main] L.t.factories.ServiceAppiumFactory       : Iniciando el servicio Appium...
2022-03-16 17:51:55.230  INFO 389105 --- [           main] L.t.factories.ServiceAppiumFactory       : Construyendo el servicio Appium
2022-03-16 17:51:55.729  INFO 389105 --- [           main] L.t.factories.ServiceAppiumFactory       : Servicio de Appium iniciado en la direccion http://127.0.0.1:4724/wd/hub
2022-03-16 17:51:55.768  INFO 389105 --- [           main] L.test_FE.factories.DriverFactory        : Se configuro correctamente el entorno local. Generando el driver...
&amp#27;[35m[HTTP]&amp#27;[39m Could not start REST http interface listener. The requested port may already be in use. Please make sure there is no other instance of this server running already.
Fatal Error: listen EADDRINUSE: address already in use 127.0.0.1:4724
    at Server.setupListenHandle [as _listen2] (net.js:1316:16)
    at listenInCluster (net.js:1364:12)
    at doListen (net.js:1501:7)
    at processTicksAndRejections (internal/process/task_queues.js:85:21)
2022-03-16 17:52:20.998  INFO 389105 --- [ null to remote] o.o.selenium.remote.ProtocolHandshake    : Detected dialect: W3C
2022-03-16 17:52:21.045  INFO 389105 --- [           main] L.test_FE.factories.DriverFactory        : Se generó correctamente el driver
2022-03-16 17:52:21.211  INFO 389105 --- [           main] L.t.CucumberSpringContextConfiguration   : Se inicializo correctamente el contexto de spring
Estamos en el step: 0 del Onboarding
2022-03-16 17:52:24.643  INFO 389105 --- [           main] L2_Mobile.test_FE.pages.AppiumBase       : Se validó que Autogestión se visualiza en el elemento: Texto del Step OnBoarding
2022-03-16 17:52:24.763  INFO 389105 --- [           main] L2_Mobile.test_FE.pages.AppiumBase       : Se hizo click en el elemento: Siguiente Step
Estamos en el step: 1 del Onboarding
2022-03-16 17:52:25.936  INFO 389105 --- [           main] L2_Mobile.test_FE.pages.AppiumBase       : Se validó que Consultas se visualiza en el elemento: Texto del Step OnBoarding
2022-03-16 17:52:26.065  INFO 389105 --- [           main] L2_Mobile.test_FE.pages.AppiumBase       : Se hizo click en el elemento: Siguiente Step
Estamos en el step: 2 del Onboarding
2022-03-16 17:52:27.184  INFO 389105 --- [           main] L2_Mobile.test_FE.pages.AppiumBase       : Se validó que Siniestros se visualiza en el elemento: Texto del Step OnBoarding
2022-03-16 17:52:27.319  INFO 389105 --- [           main] L2_Mobile.test_FE.pages.AppiumBase       : Se hizo click en el elemento: Siguiente Step
2022-03-16 17:52:28.822  INFO 389105 --- [           main] L2_Mobile.test_FE.pages.AppiumBase       : Se validó que ¡Te damos la bienvenida! se visualiza en el elemento: Texto bienvenida login
  &amp#27;[32mGiven &amp#27;[0m&amp#27;[32mun nuevo usuario ingresa a la app y avanza al Login&amp#27;[0m                                                                                                                                                                          &amp#27;[90m# L2_Mobile.test_FE.stepdefinitions.LoginStep.un__nuevo_usuario_ingresa_a_la_app_y_avanza_al_Login()&amp#27;[0m
2022-03-16 17:52:38.386  INFO 389105 --- [           main] L2_Mobile.test_FE.pages.AppiumBase       : Se escribió: jp85 sobre el elemento: Usuario
  &amp#27;[32mWhen &amp#27;[0m&amp#27;[32mingresa usuario &amp#27;[0m&amp#27;[32m&amp#27;[1m"jp85"&amp#27;[0m                                                                                                                                                                                                        &amp#27;[90m# L2_Mobile.test_FE.stepdefinitions.LoginStep.ingresa_usuario(java.lang.String)&amp#27;[0m
2022-03-16 17:52:48.386  INFO 389105 --- [           main] L2_Mobile.test_FE.pages.AppiumBase       : Se escribió: anto1234 sobre el elemento: Contraseña
  &amp#27;[32mAnd &amp#27;[0m&amp#27;[32mingresa contraseña &amp#27;[0m&amp#27;[32m&amp#27;[1m"anto1234"&amp#27;[0m                                                                                                                                                                                                  &amp#27;[90m# L2_Mobile.test_FE.stepdefinitions.LoginStep.ingresa_contraseña(java.lang.String)&amp#27;[0m
2022-03-16 17:52:48.526  INFO 389105 --- [           main] L2_Mobile.test_FE.pages.AppiumBase       : Se hizo click en el elemento: Ingresar
  &amp#27;[32mAnd &amp#27;[0m&amp#27;[32mpresiona sobre el boton Ingresar&amp#27;[0m                                                                                                                                                                                               &amp#27;[90m# L2_Mobile.test_FE.stepdefinitions.LoginStep.presiona_sobre_el_boton_Ingresar()&amp#27;[0m
2022-03-16 17:52:52.317  INFO 389105 --- [           main] L2_Mobile.test_FE.pages.AppiumBase       : Se hizo click en el elemento: Boton Denunciar Siniestro
2022-03-16 17:52:53.663  INFO 389105 --- [           main] L2_Mobile.test_FE.pages.AppiumBase       : Se validó que Denunciar siniestro se visualiza en el elemento: Titulo de la seccion
  &amp#27;[32mWhen &amp#27;[0m&amp#27;[32mpresiona sobre el boton Denunciar un Siniestro&amp#27;[0m                                                                                                                                                                                &amp#27;[90m# L2_Mobile.test_FE.stepdefinitions.DenunciaStep.presiona_sobre_el_boton_Denunciar_un_Siniestro()&amp#27;[0m
El bien asegurado no existe
2022-03-16 17:52:53.767  INFO 389105 --- [           main] L2_Mobile.test_FE.pages.AppiumBase       : Se validó que Denunciar siniestro se visualiza en el elemento: Titulo de la seccion
  &amp#27;[32mAnd &amp#27;[0m&amp#27;[32mselecciona &amp#27;[0m&amp#27;[32m&amp#27;[1m"Joya"&amp#27;[0m&amp#27;[32m como Bien Asegurado&amp#27;[0m                                                                                                                                                                                          &amp#27;[90m# L2_Mobile.test_FE.stepdefinitions.DenunciaStep.selecciona_como_Bien_Asegurado(java.lang.String)&amp#27;[0m
2022-03-16 17:53:53.821 ERROR 389105 --- [           main] L.test_FE.stepdefinitions.StepBasico     : org.openqa.selenium.TimeoutException: Expected condition failed: waiting for visibility of element located by By.id: com.android.packageinstaller:id/permission_allow_button (tried for 60 second(s) with 500 milliseconds interval)
  &amp#27;[31mAnd &amp#27;[0m&amp#27;[31mpermite grabar audio&amp#27;[0m                                                                                                                                                                                                           &amp#27;[90m# L2_Mobile.test_FE.stepdefinitions.DenunciaStep.permite_grabar_audio()&amp#27;[0m
      &amp#27;[31morg.openqa.selenium.TimeoutException: Expected condition failed: waiting for visibility of element located by By.id: com.android.packageinstaller:id/permission_allow_button (tried for 60 second(s) with 500 milliseconds interval)
	at org.openqa.selenium.support.ui.WebDriverWait.timeoutException(WebDriverWait.java:95)
	at org.openqa.selenium.support.ui.FluentWait.until(FluentWait.java:272)
	at L2_Mobile.test_FE.pages.AppiumBase.encontrarElementoPorBy(AppiumBase.java:71)
	at L2_Mobile.test_FE.pages.AppiumBase.clickElemento(AppiumBase.java:113)
	at L2_Mobile.test_FE.pages.Denuncia.clickGrabarAudio(Denuncia.java:69)
	at L2_Mobile.test_FE.stepdefinitions.DenunciaStep.permite_grabar_audio(DenunciaStep.java:46)
	at ✽.permite grabar audio(classpath:features/basicTests.feature:52)
Caused by: org.openqa.selenium.NoSuchElementException: An element could not be located on the page using the given search parameters.
For documentation on this error, please visit: https://www.seleniumhq.org/exceptions/no_such_element.html
Build info: version: '3.141.59', revision: 'e82be7d358', time: '2018-11-14T08:17:03'
System info: host: 'nico-ThinkPad-L14-Gen-1', ip: '127.0.1.1', os.name: 'Linux', os.arch: 'amd64', os.version: '5.14.0-1027-oem', java.version: '11.0.14'
Driver info: io.appium.java_client.android.AndroidDriver
Capabilities {app: /home/nico/Escritorio/proje..., appPackage: ar.com.lasegunda.app, databaseEnabled: false, desired: {app: /home/nico/Escritorio/proje..., deviceName: samsung SM-G532M, platformName: android, resetKeyboard: false, udid: 420054d9c6bb45bb, uiautomator2ServerInstallTimeout: 100000, unicodeKeyboard: false}, deviceApiLevel: 23, deviceManufacturer: samsung, deviceModel: SM-G532M, deviceName: 420054d9c6bb45bb, deviceScreenDensity: 240, deviceScreenSize: 540x960, deviceUDID: 420054d9c6bb45bb, javascriptEnabled: true, locationContextEnabled: false, networkConnectionEnabled: true, pixelRatio: 1.5, platform: LINUX, platformName: Android, platformVersion: 6.0.1, resetKeyboard: false, statBarHeight: 36, takesScreenshot: true, udid: 420054d9c6bb45bb, uiautomator2ServerInstallTimeout: 100000, unicodeKeyboard: false, viewportRect: {height: 924, left: 0, top: 36, width: 540}, warnings: {}, webStorageEnabled: false}
Session ID: 176b09bc-dc6d-496c-ab9e-ebe9f34634b7
*** Element info: {Using=id, value=com.android.packageinstaller:id/permission_allow_button}
	at java.base/jdk.internal.reflect.NativeConstructorAccessorImpl.newInstance0(Native Method)
	at java.base/jdk.internal.reflect.NativeConstructorAccessorImpl.newInstance(NativeConstructorAccessorImpl.java:62)
	at java.base/jdk.internal.reflect.DelegatingConstructorAccessorImpl.newInstance(DelegatingConstructorAccessorImpl.java:45)
	at java.base/java.lang.reflect.Constructor.newInstance(Constructor.java:490)
	at org.openqa.selenium.remote.http.W3CHttpResponseCodec.createException(W3CHttpResponseCodec.java:187)
	at org.openqa.selenium.remote.http.W3CHttpResponseCodec.decode(W3CHttpResponseCodec.java:122)
	at org.openqa.selenium.remote.http.W3CHttpResponseCodec.decode(W3CHttpResponseCodec.java:49)
	at org.openqa.selenium.remote.HttpCommandExecutor.execute(HttpCommandExecutor.java:158)
	at io.appium.java_client.remote.AppiumCommandExecutor.execute(AppiumCommandExecutor.java:250)
	at org.openqa.selenium.remote.RemoteWebDriver.execute(RemoteWebDriver.java:552)
	at io.appium.java_client.DefaultGenericMobileDriver.execute(DefaultGenericMobileDriver.java:41)
	at io.appium.java_client.AppiumDriver.execute(AppiumDriver.java:1)
	at io.appium.java_client.android.AndroidDriver.execute(AndroidDriver.java:1)
	at org.openqa.selenium.remote.RemoteWebDriver.findElement(RemoteWebDriver.java:323)
	at io.appium.java_client.DefaultGenericMobileDriver.findElement(DefaultGenericMobileDriver.java:61)
	at io.appium.java_client.AppiumDriver.findElement(AppiumDriver.java:1)
	at io.appium.java_client.android.AndroidDriver.findElement(AndroidDriver.java:1)
	at org.openqa.selenium.remote.RemoteWebDriver.findElementById(RemoteWebDriver.java:372)
	at io.appium.java_client.DefaultGenericMobileDriver.findElementById(DefaultGenericMobileDriver.java:69)
	at io.appium.java_client.AppiumDriver.findElementById(AppiumDriver.java:1)
	at io.appium.java_client.android.AndroidDriver.findElementById(AndroidDriver.java:1)
	at org.openqa.selenium.By$ById.findElement(By.java:188)
	at org.openqa.selenium.remote.RemoteWebDriver.findElement(RemoteWebDriver.java:315)
	at io.appium.java_client.DefaultGenericMobileDriver.findElement(DefaultGenericMobileDriver.java:57)
	at io.appium.java_client.AppiumDriver.findElement(AppiumDriver.java:1)
	at io.appium.java_client.android.AndroidDriver.findElement(AndroidDriver.java:1)
	at org.openqa.selenium.support.ui.ExpectedConditions$7.apply(ExpectedConditions.java:205)
	at org.openqa.selenium.support.ui.ExpectedConditions$7.apply(ExpectedConditions.java:201)
	at org.openqa.selenium.support.ui.FluentWait.until(FluentWait.java:249)
	at L2_Mobile.test_FE.pages.AppiumBase.encontrarElementoPorBy(AppiumBase.java:71)
	at L2_Mobile.test_FE.pages.AppiumBase.clickElemento(AppiumBase.java:113)
	at L2_Mobile.test_FE.pages.Denuncia.clickGrabarAudio(Denuncia.java:69)
	at L2_Mobile.test_FE.stepdefinitions.DenunciaStep.permite_grabar_audio(DenunciaStep.java:46)
	at java.base/jdk.internal.reflect.NativeMethodAccessorImpl.invoke0(Native Method)
	at java.base/jdk.internal.reflect.NativeMethodAccessorImpl.invoke(NativeMethodAccessorImpl.java:62)
	at java.base/jdk.internal.reflect.DelegatingMethodAccessorImpl.invoke(DelegatingMethodAccessorImpl.java:43)
	at java.base/java.lang.reflect.Method.invoke(Method.java:566)
	at io.cucumber.java.Invoker.doInvoke(Invoker.java:66)
	at io.cucumber.java.Invoker.invoke(Invoker.java:24)
	at io.cucumber.java.AbstractGlueDefinition.invokeMethod(AbstractGlueDefinition.java:47)
	at io.cucumber.java.JavaStepDefinition.execute(JavaStepDefinition.java:29)
	at io.cucumber.core.runner.CoreStepDefinition.execute(CoreStepDefinition.java:66)
	at io.cucumber.core.runner.PickleStepDefinitionMatch.runStep(PickleStepDefinitionMatch.java:63)
	at io.cucumber.core.runner.ExecutionMode$1.execute(ExecutionMode.java:10)
	at io.cucumber.core.runner.TestStep.executeStep(TestStep.java:86)
	at io.cucumber.core.runner.TestStep.run(TestStep.java:57)
	at io.cucumber.core.runner.PickleStepTestStep.run(PickleStepTestStep.java:51)
	at io.cucumber.core.runner.TestCase.run(TestCase.java:95)
	at io.cucumber.core.runner.Runner.runPickle(Runner.java:75)
	at io.cucumber.junit.platform.engine.CucumberEngineExecutionContext.lambda$runTestCase$4(CucumberEngineExecutionContext.java:112)
	at io.cucumber.core.runtime.CucumberExecutionContext.lambda$runTestCase$3(CucumberExecutionContext.java:151)
	at io.cucumber.core.runtime.RethrowingThrowableCollector.executeAndThrow(RethrowingThrowableCollector.java:23)
	at io.cucumber.core.runtime.CucumberExecutionContext.runTestCase(CucumberExecutionContext.java:151)
	at io.cucumber.junit.platform.engine.CucumberEngineExecutionContext.runTestCase(CucumberEngineExecutionContext.java:109)
	at io.cucumber.junit.platform.engine.PickleDescriptor.execute(PickleDescriptor.java:100)
	at io.cucumber.junit.platform.engine.PickleDescriptor.execute(PickleDescriptor.java:29)
	at org.junit.platform.engine.support.hierarchical.NodeTestTask.lambda$executeRecursively$6(NodeTestTask.java:151)
	at org.junit.platform.engine.support.hierarchical.ThrowableCollector.execute(ThrowableCollector.java:73)
	at org.junit.platform.engine.support.hierarchical.NodeTestTask.lambda$executeRecursively$8(NodeTestTask.java:141)
	at org.junit.platform.engine.support.hierarchical.Node.around(Node.java:137)
	at org.junit.platform.engine.support.hierarchical.NodeTestTask.lambda$executeRecursively$9(NodeTestTask.java:139)
	at org.junit.platform.engine.support.hierarchical.ThrowableCollector.execute(ThrowableCollector.java:73)
	at org.junit.platform.engine.support.hierarchical.NodeTestTask.executeRecursively(NodeTestTask.java:138)
	at org.junit.platform.engine.support.hierarchical.NodeTestTask.execute(NodeTestTask.java:95)
	at java.base/java.util.ArrayList.forEach(ArrayList.java:1541)
	at org.junit.platform.engine.support.hierarchical.SameThreadHierarchicalTestExecutorService.invokeAll(SameThreadHierarchicalTestExecutorService.java:41)
	at org.junit.platform.engine.support.hierarchical.NodeTestTask.lambda$executeRecursively$6(NodeTestTask.java:155)
	at org.junit.platform.engine.support.hierarchical.ThrowableCollector.execute(ThrowableCollector.java:73)
	at org.junit.platform.engine.support.hierarchical.NodeTestTask.lambda$executeRecursively$8(NodeTestTask.java:141)
	at org.junit.platform.engine.support.hierarchical.Node.around(Node.java:137)
	at org.junit.platform.engine.support.hierarchical.NodeTestTask.lambda$executeRecursively$9(NodeTestTask.java:139)
	at org.junit.platform.engine.support.hierarchical.ThrowableCollector.execute(ThrowableCollector.java:73)
	at org.junit.platform.engine.support.hierarchical.NodeTestTask.executeRecursively(NodeTestTask.java:138)
	at org.junit.platform.engine.support.hierarchical.NodeTestTask.execute(NodeTestTask.java:95)
	at java.base/java.util.ArrayList.forEach(ArrayList.java:1541)
	at org.junit.platform.engine.support.hierarchical.SameThreadHierarchicalTestExecutorService.invokeAll(SameThreadHierarchicalTestExecutorService.java:41)
	at org.junit.platform.engine.support.hierarchical.NodeTestTask.lambda$executeRecursively$6(NodeTestTask.java:155)
	at org.junit.platform.engine.support.hierarchical.ThrowableCollector.execute(ThrowableCollector.java:73)
	at org.junit.platform.engine.support.hierarchical.NodeTestTask.lambda$executeRecursively$8(NodeTestTask.java:141)
	at org.junit.platform.engine.support.hierarchical.Node.around(Node.java:137)
	at org.junit.platform.engine.support.hierarchical.NodeTestTask.lambda$executeRecursively$9(NodeTestTask.java:139)
	at org.junit.platform.engine.support.hierarchical.ThrowableCollector.execute(ThrowableCollector.java:73)
	at org.junit.platform.engine.support.hierarchical.NodeTestTask.executeRecursively(NodeTestTask.java:138)
	at org.junit.platform.engine.support.hierarchical.NodeTestTask.execute(NodeTestTask.java:95)
	at org.junit.platform.engine.support.hierarchical.SameThreadHierarchicalTestExecutorService.submit(SameThreadHierarchicalTestExecutorService.java:35)
	at org.junit.platform.engine.support.hierarchical.HierarchicalTestExecutor.execute(HierarchicalTestExecutor.java:57)
	at org.junit.platform.engine.support.hierarchical.HierarchicalTestEngine.execute(HierarchicalTestEngine.java:54)
	at org.junit.platform.launcher.core.EngineExecutionOrchestrator.execute(EngineExecutionOrchestrator.java:107)
	at org.junit.platform.launcher.core.EngineExecutionOrchestrator.execute(EngineExecutionOrchestrator.java:88)
	at org.junit.platform.suite.engine.SuiteLauncher.execute(SuiteLauncher.java:59)
	at org.junit.platform.suite.engine.SuiteTestDescriptor.execute(SuiteTestDescriptor.java:130)
	at org.junit.platform.suite.engine.SuiteTestEngine.lambda$execute$0(SuiteTestEngine.java:73)
	at java.base/java.util.stream.ForEachOps$ForEachOp$OfRef.accept(ForEachOps.java:183)
	at java.base/java.util.stream.ReferencePipeline$3$1.accept(ReferencePipeline.java:195)
	at java.base/java.util.Iterator.forEachRemaining(Iterator.java:133)
	at java.base/java.util.Spliterators$IteratorSpliterator.forEachRemaining(Spliterators.java:1801)
	at java.base/java.util.stream.AbstractPipeline.copyInto(AbstractPipeline.java:484)
	at java.base/java.util.stream.AbstractPipeline.wrapAndCopyInto(AbstractPipeline.java:474)
	at java.base/java.util.stream.ForEachOps$ForEachOp.evaluateSequential(ForEachOps.java:150)
	at java.base/java.util.stream.ForEachOps$ForEachOp$OfRef.evaluateSequential(ForEachOps.java:173)
	at java.base/java.util.stream.AbstractPipeline.evaluate(AbstractPipeline.java:234)
	at java.base/java.util.stream.ReferencePipeline.forEach(ReferencePipeline.java:497)
	at org.junit.platform.suite.engine.SuiteTestEngine.execute(SuiteTestEngine.java:73)
	at org.junit.platform.launcher.core.EngineExecutionOrchestrator.execute(EngineExecutionOrchestrator.java:107)
	at org.junit.platform.launcher.core.EngineExecutionOrchestrator.execute(EngineExecutionOrchestrator.java:88)
	at org.junit.platform.launcher.core.EngineExecutionOrchestrator.lambda$execute$0(EngineExecutionOrchestrator.java:54)
	at org.junit.platform.launcher.core.EngineExecutionOrchestrator.withInterceptedStreams(EngineExecutionOrchestrator.java:67)
	at org.junit.platform.launcher.core.EngineExecutionOrchestrator.execute(EngineExecutionOrchestrator.java:52)
	at org.junit.platform.launcher.core.DefaultLauncher.execute(DefaultLauncher.java:114)
	at org.junit.platform.launcher.core.DefaultLauncher.execute(DefaultLauncher.java:86)
	at org.junit.platform.launcher.core.DefaultLauncherSession$DelegatingLauncher.execute(DefaultLauncherSession.java:86)
	at org.junit.platform.launcher.core.SessionPerRequestLauncher.execute(SessionPerRequestLauncher.java:53)
	at org.apache.maven.surefire.junitplatform.JUnitPlatformProvider.execute(JUnitPlatformProvider.java:188)
	at org.apache.maven.surefire.junitplatform.JUnitPlatformProvider.invokeAllTests(JUnitPlatformProvider.java:154)
	at org.apache.maven.surefire.junitplatform.JUnitPlatformProvider.invoke(JUnitPlatformProvider.java:128)
	at org.apache.maven.surefire.booter.ForkedBooter.runSuitesInProcess(ForkedBooter.java:428)
	at org.apache.maven.surefire.booter.ForkedBooter.execute(ForkedBooter.java:162)
	at org.apache.maven.surefire.booter.ForkedBooter.run(ForkedBooter.java:562)
	at org.apache.maven.surefire.booter.ForkedBooter.main(ForkedBooter.java:548)
&amp#27;[0m
  &amp#27;[36mWhen &amp#27;[0m&amp#27;[36mselecciona &amp#27;[0m&amp#27;[36m&amp#27;[1m"Accidente"&amp#27;[0m&amp#27;[36m como Tipo de Siniestro&amp#27;[0m                                                                                                                                                                                 &amp#27;[90m# L2_Mobile.test_FE.stepdefinitions.DenunciaStep.selecciona_como_Tipo_de_Siniestro(java.lang.String)&amp#27;[0m
  &amp#27;[36mAnd &amp#27;[0m&amp#27;[36mcompleta fecha y hora del siniestro y la descripcion &amp#27;[0m&amp#27;[36m&amp#27;[1m"Perdió la joya"&amp#27;[0m                                                                                                                                                          &amp#27;[90m# L2_Mobile.test_FE.stepdefinitions.DenunciaStep.completa_fecha_y_hora_del_siniestro_y_la_descripcion(java.lang.String)&amp#27;[0m
  &amp#27;[36mAnd &amp#27;[0m&amp#27;[36mpresiona el boton Siguiente&amp#27;[0m                                                                                                                                                                                                    &amp#27;[90m# L2_Mobile.test_FE.stepdefinitions.DenunciaStep.presiona_boton_Siguiente()&amp#27;[0m
  &amp#27;[36mWhen &amp#27;[0m&amp#27;[36mselecciona la provincia &amp#27;[0m&amp#27;[36m&amp#27;[1m"Cordoba"&amp#27;[0m&amp#27;[36m, completa el codigo postal &amp#27;[0m&amp#27;[36m&amp#27;[1m"CORDOBA-CBA"&amp#27;[0m&amp#27;[36m, completa la calle &amp#27;[0m&amp#27;[36m&amp#27;[1m"Benancio Flores"&amp#27;[0m&amp#27;[36m, luego completa el numero &amp#27;[0m&amp#27;[36m&amp#27;[1m"1234"&amp#27;[0m&amp#27;[36m, completa el piso &amp#27;[0m&amp#27;[36m&amp#27;[1m"2"&amp#27;[0m&amp#27;[36m, completa el departamento &amp#27;[0m&amp#27;[36m&amp#27;[1m"C"&amp#27;[0m&amp#27;[36m y completa la unidad &amp#27;[0m&amp#27;[36m&amp#27;[1m"2"&amp#27;[0m &amp#27;[90m# L2_Mobile.test_FE.stepdefinitions.DenunciaStep.selecciona_la_provincia_completa_el_codigo_postal_completa_la_calle_luego_completa_el_numero_completa_el_piso_completa_el_departamento_y_completa_la_unidad(java.lang.String,java.lang.String,java.lang.String,java.lang.String,java.lang.String,java.lang.String,java.lang.String)&amp#27;[0m
  &amp#27;[36mAnd &amp#27;[0m&amp#27;[36mpresiona el boton Siguiente&amp#27;[0m                                                                                                                                                                                                    &amp#27;[90m# L2_Mobile.test_FE.stepdefinitions.DenunciaStep.presiona_boton_Siguiente()&amp#27;[0m
]]></system-out>
  </testcase>
</testsuite>